{"/Users/David/Programming/react-starter-kit/src/main.js": {"path":"/Users/David/Programming/react-starter-kit/src/main.js","statementMap":{"0":{"start":{"line":1,"column":26},"end":{"line":1,"column":42}},"1":{"start":{"line":1,"column":57},"end":{"line":1,"column":87}},"2":{"start":{"line":2,"column":16},"end":{"line":2,"column":36}},"3":{"start":{"line":2,"column":54},"end":{"line":2,"column":87}},"4":{"start":{"line":3,"column":12},"end":{"line":3,"column":38}},"5":{"start":{"line":3,"column":52},"end":{"line":3,"column":81}},"6":{"start":{"line":4,"column":22},"end":{"line":4,"column":53}},"7":{"start":{"line":4,"column":77},"end":{"line":4,"column":116}},"8":{"start":{"line":5,"column":28},"end":{"line":5,"column":67}},"9":{"start":{"line":5,"column":97},"end":{"line":5,"column":142}},"10":{"start":{"line":6,"column":20},"end":{"line":6,"column":53}},"11":{"start":{"line":6,"column":92},"end":{"line":6,"column":146}},"12":{"start":{"line":8,"column":14},"end":{"line":8,"column":51}},"13":{"start":{"line":9,"column":21},"end":{"line":9,"column":58}},"14":{"start":{"line":10,"column":12},"end":{"line":10,"column":95}},"15":{"start":{"line":12,"column":0},"end":{"line":14,"column":32}}},"fnMap":{"0":{"name":"_interopRequireDefault","decl":{"start":{"line":6,"column":63},"end":{"line":6,"column":85}},"loc":{"start":{"line":6,"column":91},"end":{"line":6,"column":147}},"line":6}},"branchMap":{"0":{"loc":{"start":{"line":6,"column":99},"end":{"line":6,"column":145}},"type":"cond-expr","locations":[{"start":{"line":6,"column":123},"end":{"line":6,"column":126}},{"start":{"line":6,"column":129},"end":{"line":6,"column":145}}],"line":6},"1":{"loc":{"start":{"line":6,"column":99},"end":{"line":6,"column":120}},"type":"binary-expr","locations":[{"start":{"line":6,"column":99},"end":{"line":6,"column":102}},{"start":{"line":6,"column":106},"end":{"line":6,"column":120}}],"line":6}},"s":{"0":0,"1":0,"2":0,"3":0,"4":0,"5":0,"6":0,"7":0,"8":0,"9":0,"10":0,"11":0,"12":0,"13":0,"14":0,"15":0},"f":{"0":0},"b":{"0":[0,0],"1":[0,0]}}
,"/Users/David/Programming/react-starter-kit/src/api/backendAPI/authentications.js": {"path":"/Users/David/Programming/react-starter-kit/src/api/backendAPI/authentications.js","statementMap":{"0":{"start":{"line":1,"column":13},"end":{"line":1,"column":75}},"1":{"start":{"line":1,"column":75},"end":{"line":1,"column":102}},"2":{"start":{"line":1,"column":119},"end":{"line":1,"column":140}},"3":{"start":{"line":2,"column":19},"end":{"line":2,"column":51}},"4":{"start":{"line":5,"column":20},"end":{"line":5,"column":59}},"5":{"start":{"line":5,"column":81},"end":{"line":5,"column":118}},"6":{"start":{"line":5,"column":157},"end":{"line":5,"column":211}},"7":{"start":{"line":5,"column":244},"end":{"line":5,"column":644}},"8":{"start":{"line":5,"column":274},"end":{"line":5,"column":299}},"9":{"start":{"line":5,"column":300},"end":{"line":5,"column":642}},"10":{"start":{"line":5,"column":372},"end":{"line":5,"column":464}},"11":{"start":{"line":5,"column":388},"end":{"line":5,"column":401}},"12":{"start":{"line":5,"column":414},"end":{"line":5,"column":424}},"13":{"start":{"line":5,"column":442},"end":{"line":5,"column":456}},"14":{"start":{"line":5,"column":456},"end":{"line":5,"column":463}},"15":{"start":{"line":5,"column":464},"end":{"line":5,"column":618}},"16":{"start":{"line":5,"column":480},"end":{"line":5,"column":495}},"17":{"start":{"line":5,"column":503},"end":{"line":5,"column":617}},"18":{"start":{"line":5,"column":556},"end":{"line":5,"column":576}},"19":{"start":{"line":5,"column":595},"end":{"line":5,"column":614}},"20":{"start":{"line":5,"column":619},"end":{"line":5,"column":639}},"21":{"start":{"line":7,"column":13},"end":{"line":25,"column":203}},"22":{"start":{"line":7,"column":54},"end":{"line":25,"column":134}},"23":{"start":{"line":7,"column":155},"end":{"line":25,"column":131}},"24":{"start":{"line":7,"column":215},"end":{"line":25,"column":108}},"25":{"start":{"line":7,"column":226},"end":{"line":25,"column":107}},"26":{"start":{"line":14,"column":12},"end":{"line":16,"column":88}},"27":{"start":{"line":16,"column":37},"end":{"line":16,"column":84}},"28":{"start":{"line":19,"column":12},"end":{"line":19,"column":34}},"29":{"start":{"line":19,"column":34},"end":{"line":20,"column":51}},"30":{"start":{"line":20,"column":26},"end":{"line":20,"column":44}},"31":{"start":{"line":20,"column":44},"end":{"line":20,"column":50}},"32":{"start":{"line":20,"column":51},"end":{"line":20,"column":69}},"33":{"start":{"line":20,"column":69},"end":{"line":21,"column":31}},"34":{"start":{"line":21,"column":38},"end":{"line":21,"column":67}},"35":{"start":{"line":21,"column":67},"end":{"line":22,"column":69}},"36":{"start":{"line":22,"column":76},"end":{"line":23,"column":65}},"37":{"start":{"line":23,"column":39},"end":{"line":23,"column":58}},"38":{"start":{"line":23,"column":58},"end":{"line":23,"column":64}},"39":{"start":{"line":23,"column":65},"end":{"line":23,"column":84}},"40":{"start":{"line":23,"column":84},"end":{"line":24,"column":31}},"41":{"start":{"line":24,"column":39},"end":{"line":24,"column":60}},"42":{"start":{"line":24,"column":60},"end":{"line":25,"column":64}},"43":{"start":{"line":25,"column":83},"end":{"line":25,"column":106}},"44":{"start":{"line":25,"column":135},"end":{"line":25,"column":200}},"45":{"start":{"line":25,"column":163},"end":{"line":25,"column":198}}},"fnMap":{"0":{"name":"_interopRequireDefault","decl":{"start":{"line":5,"column":128},"end":{"line":5,"column":150}},"loc":{"start":{"line":5,"column":156},"end":{"line":5,"column":212}},"line":5},"1":{"name":"_asyncToGenerator","decl":{"start":{"line":5,"column":221},"end":{"line":5,"column":238}},"loc":{"start":{"line":5,"column":243},"end":{"line":5,"column":645}},"line":5},"2":{"name":"(anonymous_2)","decl":{"start":{"line":5,"column":251},"end":{"line":5,"column":252}},"loc":{"start":{"line":5,"column":263},"end":{"line":5,"column":643}},"line":5},"3":{"name":"(anonymous_3)","decl":{"start":{"line":5,"column":319},"end":{"line":5,"column":320}},"loc":{"start":{"line":5,"column":346},"end":{"line":5,"column":640}},"line":5},"4":{"name":"step","decl":{"start":{"line":5,"column":356},"end":{"line":5,"column":360}},"loc":{"start":{"line":5,"column":371},"end":{"line":5,"column":619}},"line":5},"5":{"name":"(anonymous_5)","decl":{"start":{"line":5,"column":538},"end":{"line":5,"column":539}},"loc":{"start":{"line":5,"column":555},"end":{"line":5,"column":577}},"line":5},"6":{"name":"(anonymous_6)","decl":{"start":{"line":5,"column":579},"end":{"line":5,"column":580}},"loc":{"start":{"line":5,"column":594},"end":{"line":5,"column":615}},"line":5},"7":{"name":"(anonymous_7)","decl":{"start":{"line":7,"column":30},"end":{"line":7,"column":31}},"loc":{"start":{"line":7,"column":42},"end":{"line":25,"column":201}},"line":7},"8":{"name":"_callee","decl":{"start":{"line":7,"column":105},"end":{"line":7,"column":112}},"loc":{"start":{"line":7,"column":121},"end":{"line":25,"column":132}},"line":7},"9":{"name":"_callee$","decl":{"start":{"line":7,"column":195},"end":{"line":7,"column":203}},"loc":{"start":{"line":7,"column":214},"end":{"line":25,"column":109}},"line":7},"10":{"name":"json","decl":{"start":{"line":16,"column":29},"end":{"line":16,"column":33}},"loc":{"start":{"line":16,"column":36},"end":{"line":16,"column":85}},"line":16},"11":{"name":"create","decl":{"start":{"line":25,"column":151},"end":{"line":25,"column":157}},"loc":{"start":{"line":25,"column":162},"end":{"line":25,"column":199}},"line":25}},"branchMap":{"0":{"loc":{"start":{"line":5,"column":164},"end":{"line":5,"column":210}},"type":"cond-expr","locations":[{"start":{"line":5,"column":188},"end":{"line":5,"column":191}},{"start":{"line":5,"column":194},"end":{"line":5,"column":210}}],"line":5},"1":{"loc":{"start":{"line":5,"column":164},"end":{"line":5,"column":185}},"type":"binary-expr","locations":[{"start":{"line":5,"column":164},"end":{"line":5,"column":167}},{"start":{"line":5,"column":171},"end":{"line":5,"column":185}}],"line":5},"2":{"loc":{"start":{"line":5,"column":464},"end":{"line":5,"column":618}},"type":"if","locations":[{"start":{"line":5,"column":464},"end":{"line":5,"column":618}},{"start":{"line":5,"column":464},"end":{"line":5,"column":618}}],"line":5},"3":{"loc":{"start":{"line":7,"column":226},"end":{"line":25,"column":107}},"type":"switch","locations":[{"start":{"line":7,"column":266},"end":{"line":21,"column":31}},{"start":{"line":21,"column":31},"end":{"line":22,"column":69}},{"start":{"line":22,"column":69},"end":{"line":24,"column":31}},{"start":{"line":24,"column":31},"end":{"line":25,"column":64}},{"start":{"line":25,"column":64},"end":{"line":25,"column":72}},{"start":{"line":25,"column":72},"end":{"line":25,"column":106}}],"line":7},"4":{"loc":{"start":{"line":19,"column":34},"end":{"line":20,"column":51}},"type":"if","locations":[{"start":{"line":19,"column":34},"end":{"line":20,"column":51}},{"start":{"line":19,"column":34},"end":{"line":20,"column":51}}],"line":19},"5":{"loc":{"start":{"line":22,"column":76},"end":{"line":23,"column":65}},"type":"if","locations":[{"start":{"line":22,"column":76},"end":{"line":23,"column":65}},{"start":{"line":22,"column":76},"end":{"line":23,"column":65}}],"line":22}},"s":{"0":0,"1":0,"2":0,"3":0,"4":0,"5":0,"6":0,"7":0,"8":0,"9":0,"10":0,"11":0,"12":0,"13":0,"14":0,"15":0,"16":0,"17":0,"18":0,"19":0,"20":0,"21":0,"22":0,"23":0,"24":0,"25":0,"26":0,"27":0,"28":0,"29":0,"30":0,"31":0,"32":0,"33":0,"34":0,"35":0,"36":0,"37":0,"38":0,"39":0,"40":0,"41":0,"42":0,"43":0,"44":0,"45":0},"f":{"0":0,"1":0,"2":0,"3":0,"4":0,"5":0,"6":0,"7":0,"8":0,"9":0,"10":0,"11":0},"b":{"0":[0,0],"1":[0,0],"2":[0,0],"3":[0,0,0,0,0,0],"4":[0,0],"5":[0,0]}}
,"/Users/David/Programming/react-starter-kit/src/api/backendAPI/index.js": {"path":"/Users/David/Programming/react-starter-kit/src/api/backendAPI/index.js","statementMap":{"0":{"start":{"line":1,"column":13},"end":{"line":1,"column":75}},"1":{"start":{"line":1,"column":98},"end":{"line":1,"column":126}},"2":{"start":{"line":1,"column":149},"end":{"line":1,"column":190}},"3":{"start":{"line":1,"column":230},"end":{"line":1,"column":446}},"4":{"start":{"line":1,"column":258},"end":{"line":1,"column":269}},"5":{"start":{"line":1,"column":290},"end":{"line":1,"column":292}},"6":{"start":{"line":1,"column":293},"end":{"line":1,"column":410}},"7":{"start":{"line":1,"column":311},"end":{"line":1,"column":409}},"8":{"start":{"line":1,"column":333},"end":{"line":1,"column":408}},"9":{"start":{"line":1,"column":385},"end":{"line":1,"column":408}},"10":{"start":{"line":1,"column":410},"end":{"line":1,"column":431}},"11":{"start":{"line":1,"column":431},"end":{"line":1,"column":445}},"12":{"start":{"line":1,"column":447},"end":{"line":4,"column":37}}},"fnMap":{"0":{"name":"_interopRequireWildcard","decl":{"start":{"line":1,"column":200},"end":{"line":1,"column":223}},"loc":{"start":{"line":1,"column":229},"end":{"line":1,"column":447}},"line":1}},"branchMap":{"0":{"loc":{"start":{"line":1,"column":230},"end":{"line":1,"column":446}},"type":"if","locations":[{"start":{"line":1,"column":230},"end":{"line":1,"column":446}},{"start":{"line":1,"column":230},"end":{"line":1,"column":446}}],"line":1},"1":{"loc":{"start":{"line":1,"column":234},"end":{"line":1,"column":255}},"type":"binary-expr","locations":[{"start":{"line":1,"column":234},"end":{"line":1,"column":237}},{"start":{"line":1,"column":241},"end":{"line":1,"column":255}}],"line":1},"2":{"loc":{"start":{"line":1,"column":293},"end":{"line":1,"column":410}},"type":"if","locations":[{"start":{"line":1,"column":293},"end":{"line":1,"column":410}},{"start":{"line":1,"column":293},"end":{"line":1,"column":410}}],"line":1},"3":{"loc":{"start":{"line":1,"column":333},"end":{"line":1,"column":408}},"type":"if","locations":[{"start":{"line":1,"column":333},"end":{"line":1,"column":408}},{"start":{"line":1,"column":333},"end":{"line":1,"column":408}}],"line":1}},"s":{"0":0,"1":0,"2":0,"3":0,"4":0,"5":0,"6":0,"7":0,"8":0,"9":0,"10":0,"11":0,"12":0},"f":{"0":0},"b":{"0":[0,0],"1":[0,0],"2":[0,0],"3":[0,0]}}
,"/Users/David/Programming/react-starter-kit/src/components/App/index.js": {"path":"/Users/David/Programming/react-starter-kit/src/components/App/index.js","statementMap":{"0":{"start":{"line":1,"column":13},"end":{"line":1,"column":75}},"1":{"start":{"line":1,"column":88},"end":{"line":1,"column":104}},"2":{"start":{"line":1,"column":119},"end":{"line":1,"column":149}},"3":{"start":{"line":2,"column":22},"end":{"line":2,"column":49}},"4":{"start":{"line":3,"column":14},"end":{"line":3,"column":42}},"5":{"start":{"line":3,"column":58},"end":{"line":3,"column":89}},"6":{"start":{"line":4,"column":21},"end":{"line":4,"column":56}},"7":{"start":{"line":4,"column":79},"end":{"line":4,"column":117}},"8":{"start":{"line":5,"column":22},"end":{"line":5,"column":58}},"9":{"start":{"line":5,"column":82},"end":{"line":5,"column":121}},"10":{"start":{"line":6,"column":17},"end":{"line":6,"column":48}},"11":{"start":{"line":6,"column":67},"end":{"line":6,"column":101}},"12":{"start":{"line":7,"column":15},"end":{"line":7,"column":44}},"13":{"start":{"line":7,"column":61},"end":{"line":7,"column":93}},"14":{"start":{"line":7,"column":132},"end":{"line":7,"column":186}},"15":{"start":{"line":9,"column":10},"end":{"line":13,"column":112}},"16":{"start":{"line":9,"column":26},"end":{"line":13,"column":111}},"17":{"start":{"line":13,"column":113},"end":{"line":17,"column":4}}},"fnMap":{"0":{"name":"_interopRequireDefault","decl":{"start":{"line":7,"column":103},"end":{"line":7,"column":125}},"loc":{"start":{"line":7,"column":131},"end":{"line":7,"column":187}},"line":7},"1":{"name":"App","decl":{"start":{"line":9,"column":19},"end":{"line":9,"column":22}},"loc":{"start":{"line":9,"column":25},"end":{"line":13,"column":112}},"line":9}},"branchMap":{"0":{"loc":{"start":{"line":7,"column":139},"end":{"line":7,"column":185}},"type":"cond-expr","locations":[{"start":{"line":7,"column":163},"end":{"line":7,"column":166}},{"start":{"line":7,"column":169},"end":{"line":7,"column":185}}],"line":7},"1":{"loc":{"start":{"line":7,"column":139},"end":{"line":7,"column":160}},"type":"binary-expr","locations":[{"start":{"line":7,"column":139},"end":{"line":7,"column":142}},{"start":{"line":7,"column":146},"end":{"line":7,"column":160}}],"line":7}},"s":{"0":0,"1":0,"2":0,"3":0,"4":0,"5":0,"6":0,"7":0,"8":0,"9":0,"10":0,"11":0,"12":0,"13":0,"14":0,"15":0,"16":0,"17":0},"f":{"0":0,"1":0},"b":{"0":[0,0],"1":[0,0]}}
,"/Users/David/Programming/react-starter-kit/src/components/Form/TextField/index.js": {"path":"/Users/David/Programming/react-starter-kit/src/components/Form/TextField/index.js","statementMap":{"0":{"start":{"line":1,"column":13},"end":{"line":1,"column":75}},"1":{"start":{"line":1,"column":90},"end":{"line":1,"column":321}},"2":{"start":{"line":1,"column":126},"end":{"line":1,"column":306}},"3":{"start":{"line":1,"column":183},"end":{"line":1,"column":195}},"4":{"start":{"line":1,"column":196},"end":{"line":1,"column":305}},"5":{"start":{"line":1,"column":221},"end":{"line":1,"column":304}},"6":{"start":{"line":1,"column":277},"end":{"line":1,"column":303}},"7":{"start":{"line":1,"column":306},"end":{"line":1,"column":320}},"8":{"start":{"line":1,"column":322},"end":{"line":10,"column":10}},"9":{"start":{"line":10,"column":23},"end":{"line":10,"column":39}},"10":{"start":{"line":10,"column":54},"end":{"line":10,"column":84}},"11":{"start":{"line":10,"column":123},"end":{"line":10,"column":177}},"12":{"start":{"line":10,"column":199},"end":{"line":10,"column":421}},"13":{"start":{"line":10,"column":242},"end":{"line":10,"column":252}},"14":{"start":{"line":10,"column":263},"end":{"line":10,"column":275}},"15":{"start":{"line":10,"column":286},"end":{"line":10,"column":298}},"16":{"start":{"line":10,"column":313},"end":{"line":10,"column":329}},"17":{"start":{"line":10,"column":330},"end":{"line":10,"column":420}},"18":{"start":{"line":10,"column":461},"end":{"line":10,"column":472}},"19":{"start":{"line":10,"column":481},"end":{"line":10,"column":492}},"20":{"start":{"line":10,"column":506},"end":{"line":10,"column":516}},"21":{"start":{"line":10,"column":527},"end":{"line":10,"column":545}},"22":{"start":{"line":10,"column":554},"end":{"line":10,"column":570}},"23":{"start":{"line":10,"column":581},"end":{"line":10,"column":599}},"24":{"start":{"line":10,"column":614},"end":{"line":10,"column":631}},"25":{"start":{"line":10,"column":639},"end":{"line":10,"column":649}},"26":{"start":{"line":11,"column":2},"end":{"line":16,"column":111}}},"fnMap":{"0":{"name":"(anonymous_0)","decl":{"start":{"line":1,"column":107},"end":{"line":1,"column":108}},"loc":{"start":{"line":1,"column":125},"end":{"line":1,"column":321}},"line":1},"1":{"name":"_interopRequireDefault","decl":{"start":{"line":10,"column":94},"end":{"line":10,"column":116}},"loc":{"start":{"line":10,"column":122},"end":{"line":10,"column":178}},"line":10},"2":{"name":"ErrorOrWarning","decl":{"start":{"line":10,"column":208},"end":{"line":10,"column":222}},"loc":{"start":{"line":10,"column":229},"end":{"line":10,"column":421}},"line":10},"3":{"name":"TextField","decl":{"start":{"line":10,"column":431},"end":{"line":10,"column":440}},"loc":{"start":{"line":10,"column":448},"end":{"line":20,"column":1}},"line":10}},"branchMap":{"0":{"loc":{"start":{"line":1,"column":90},"end":{"line":1,"column":321}},"type":"binary-expr","locations":[{"start":{"line":1,"column":90},"end":{"line":1,"column":103}},{"start":{"line":1,"column":107},"end":{"line":1,"column":321}}],"line":1},"1":{"loc":{"start":{"line":1,"column":221},"end":{"line":1,"column":304}},"type":"if","locations":[{"start":{"line":1,"column":221},"end":{"line":1,"column":304}},{"start":{"line":1,"column":221},"end":{"line":1,"column":304}}],"line":1},"2":{"loc":{"start":{"line":10,"column":130},"end":{"line":10,"column":176}},"type":"cond-expr","locations":[{"start":{"line":10,"column":154},"end":{"line":10,"column":157}},{"start":{"line":10,"column":160},"end":{"line":10,"column":176}}],"line":10},"3":{"loc":{"start":{"line":10,"column":130},"end":{"line":10,"column":151}},"type":"binary-expr","locations":[{"start":{"line":10,"column":130},"end":{"line":10,"column":133}},{"start":{"line":10,"column":137},"end":{"line":10,"column":151}}],"line":10},"4":{"loc":{"start":{"line":10,"column":313},"end":{"line":10,"column":329}},"type":"binary-expr","locations":[{"start":{"line":10,"column":313},"end":{"line":10,"column":318}},{"start":{"line":10,"column":322},"end":{"line":10,"column":329}}],"line":10},"5":{"loc":{"start":{"line":10,"column":337},"end":{"line":10,"column":419}},"type":"cond-expr","locations":[{"start":{"line":10,"column":360},"end":{"line":10,"column":364}},{"start":{"line":10,"column":367},"end":{"line":10,"column":419}}],"line":10},"6":{"loc":{"start":{"line":10,"column":337},"end":{"line":10,"column":357}},"type":"binary-expr","locations":[{"start":{"line":10,"column":337},"end":{"line":10,"column":345}},{"start":{"line":10,"column":349},"end":{"line":10,"column":357}}],"line":10}},"s":{"0":0,"1":0,"2":0,"3":0,"4":0,"5":0,"6":0,"7":0,"8":0,"9":0,"10":0,"11":0,"12":0,"13":0,"14":0,"15":0,"16":0,"17":0,"18":0,"19":0,"20":0,"21":0,"22":0,"23":0,"24":0,"25":0,"26":0},"f":{"0":0,"1":0,"2":0,"3":0},"b":{"0":[0,0],"1":[0,0],"2":[0,0],"3":[0,0],"4":[0,0],"5":[0,0],"6":[0,0]}}
,"/Users/David/Programming/react-starter-kit/src/components/Header/index.js": {"path":"/Users/David/Programming/react-starter-kit/src/components/Header/index.js","statementMap":{"0":{"start":{"line":1,"column":13},"end":{"line":1,"column":75}},"1":{"start":{"line":1,"column":88},"end":{"line":1,"column":104}},"2":{"start":{"line":1,"column":119},"end":{"line":1,"column":149}},"3":{"start":{"line":2,"column":22},"end":{"line":2,"column":49}},"4":{"start":{"line":3,"column":0},"end":{"line":3,"column":25}},"5":{"start":{"line":3,"column":63},"end":{"line":3,"column":117}},"6":{"start":{"line":5,"column":13},"end":{"line":29,"column":101}},"7":{"start":{"line":5,"column":54},"end":{"line":5,"column":70}},"8":{"start":{"line":5,"column":87},"end":{"line":5,"column":105}},"9":{"start":{"line":5,"column":106},"end":{"line":29,"column":100}},"10":{"start":{"line":29,"column":102},"end":{"line":37,"column":7}}},"fnMap":{"0":{"name":"_interopRequireDefault","decl":{"start":{"line":3,"column":34},"end":{"line":3,"column":56}},"loc":{"start":{"line":3,"column":62},"end":{"line":3,"column":118}},"line":3},"1":{"name":"Header","decl":{"start":{"line":5,"column":22},"end":{"line":5,"column":28}},"loc":{"start":{"line":5,"column":35},"end":{"line":29,"column":101}},"line":5}},"branchMap":{"0":{"loc":{"start":{"line":3,"column":70},"end":{"line":3,"column":116}},"type":"cond-expr","locations":[{"start":{"line":3,"column":94},"end":{"line":3,"column":97}},{"start":{"line":3,"column":100},"end":{"line":3,"column":116}}],"line":3},"1":{"loc":{"start":{"line":3,"column":70},"end":{"line":3,"column":91}},"type":"binary-expr","locations":[{"start":{"line":3,"column":70},"end":{"line":3,"column":73}},{"start":{"line":3,"column":77},"end":{"line":3,"column":91}}],"line":3},"2":{"loc":{"start":{"line":27,"column":14},"end":{"line":29,"column":93}},"type":"cond-expr","locations":[{"start":{"line":28,"column":14},"end":{"line":28,"column":113}},{"start":{"line":29,"column":14},"end":{"line":29,"column":93}}],"line":27}},"s":{"0":0,"1":0,"2":0,"3":0,"4":0,"5":0,"6":0,"7":0,"8":0,"9":0,"10":0},"f":{"0":0,"1":0},"b":{"0":[0,0],"1":[0,0],"2":[0,0]}}
,"/Users/David/Programming/react-starter-kit/src/components/Layout/index.js": {"path":"/Users/David/Programming/react-starter-kit/src/components/Layout/index.js","statementMap":{"0":{"start":{"line":1,"column":13},"end":{"line":1,"column":75}},"1":{"start":{"line":1,"column":88},"end":{"line":1,"column":104}},"2":{"start":{"line":1,"column":119},"end":{"line":1,"column":149}},"3":{"start":{"line":2,"column":16},"end":{"line":2,"column":46}},"4":{"start":{"line":2,"column":64},"end":{"line":2,"column":97}},"5":{"start":{"line":3,"column":23},"end":{"line":3,"column":60}},"6":{"start":{"line":3,"column":85},"end":{"line":3,"column":125}},"7":{"start":{"line":4,"column":14},"end":{"line":4,"column":41}},"8":{"start":{"line":4,"column":80},"end":{"line":4,"column":134}},"9":{"start":{"line":6,"column":13},"end":{"line":12,"column":90}},"10":{"start":{"line":6,"column":51},"end":{"line":6,"column":64}},"11":{"start":{"line":6,"column":65},"end":{"line":12,"column":89}},"12":{"start":{"line":16,"column":0},"end":{"line":17,"column":47}},"13":{"start":{"line":17,"column":47},"end":{"line":20,"column":7}}},"fnMap":{"0":{"name":"_interopRequireDefault","decl":{"start":{"line":4,"column":51},"end":{"line":4,"column":73}},"loc":{"start":{"line":4,"column":79},"end":{"line":4,"column":135}},"line":4},"1":{"name":"Layout","decl":{"start":{"line":6,"column":22},"end":{"line":6,"column":28}},"loc":{"start":{"line":6,"column":35},"end":{"line":12,"column":90}},"line":6}},"branchMap":{"0":{"loc":{"start":{"line":4,"column":87},"end":{"line":4,"column":133}},"type":"cond-expr","locations":[{"start":{"line":4,"column":111},"end":{"line":4,"column":114}},{"start":{"line":4,"column":117},"end":{"line":4,"column":133}}],"line":4},"1":{"loc":{"start":{"line":4,"column":87},"end":{"line":4,"column":108}},"type":"binary-expr","locations":[{"start":{"line":4,"column":87},"end":{"line":4,"column":90}},{"start":{"line":4,"column":94},"end":{"line":4,"column":108}}],"line":4},"2":{"loc":{"start":{"line":12,"column":6},"end":{"line":12,"column":86}},"type":"binary-expr","locations":[{"start":{"line":12,"column":6},"end":{"line":12,"column":27}},{"start":{"line":12,"column":31},"end":{"line":12,"column":86}}],"line":12}},"s":{"0":0,"1":0,"2":0,"3":0,"4":0,"5":0,"6":0,"7":0,"8":0,"9":0,"10":0,"11":0,"12":0,"13":0},"f":{"0":0,"1":0},"b":{"0":[0,0],"1":[0,0],"2":[0,0]}}
,"/Users/David/Programming/react-starter-kit/src/components/LogIn/index.js": {"path":"/Users/David/Programming/react-starter-kit/src/components/LogIn/index.js","statementMap":{"0":{"start":{"line":1,"column":13},"end":{"line":1,"column":75}},"1":{"start":{"line":1,"column":90},"end":{"line":1,"column":321}},"2":{"start":{"line":1,"column":126},"end":{"line":1,"column":306}},"3":{"start":{"line":1,"column":183},"end":{"line":1,"column":195}},"4":{"start":{"line":1,"column":196},"end":{"line":1,"column":305}},"5":{"start":{"line":1,"column":221},"end":{"line":1,"column":304}},"6":{"start":{"line":1,"column":277},"end":{"line":1,"column":303}},"7":{"start":{"line":1,"column":306},"end":{"line":1,"column":320}},"8":{"start":{"line":1,"column":335},"end":{"line":1,"column":351}},"9":{"start":{"line":1,"column":366},"end":{"line":1,"column":396}},"10":{"start":{"line":2,"column":17},"end":{"line":2,"column":38}},"11":{"start":{"line":3,"column":17},"end":{"line":3,"column":53}},"12":{"start":{"line":3,"column":72},"end":{"line":3,"column":106}},"13":{"start":{"line":4,"column":19},"end":{"line":4,"column":51}},"14":{"start":{"line":4,"column":90},"end":{"line":4,"column":144}},"15":{"start":{"line":6,"column":12},"end":{"line":25,"column":112}},"16":{"start":{"line":6,"column":53},"end":{"line":6,"column":70}},"17":{"start":{"line":6,"column":79},"end":{"line":6,"column":89}},"18":{"start":{"line":6,"column":90},"end":{"line":25,"column":111}},"19":{"start":{"line":30,"column":0},"end":{"line":30,"column":53}},"20":{"start":{"line":30,"column":53},"end":{"line":36,"column":7}}},"fnMap":{"0":{"name":"(anonymous_0)","decl":{"start":{"line":1,"column":107},"end":{"line":1,"column":108}},"loc":{"start":{"line":1,"column":125},"end":{"line":1,"column":321}},"line":1},"1":{"name":"_interopRequireDefault","decl":{"start":{"line":4,"column":61},"end":{"line":4,"column":83}},"loc":{"start":{"line":4,"column":89},"end":{"line":4,"column":145}},"line":4},"2":{"name":"LogIn","decl":{"start":{"line":6,"column":21},"end":{"line":6,"column":26}},"loc":{"start":{"line":6,"column":33},"end":{"line":25,"column":112}},"line":6}},"branchMap":{"0":{"loc":{"start":{"line":1,"column":90},"end":{"line":1,"column":321}},"type":"binary-expr","locations":[{"start":{"line":1,"column":90},"end":{"line":1,"column":103}},{"start":{"line":1,"column":107},"end":{"line":1,"column":321}}],"line":1},"1":{"loc":{"start":{"line":1,"column":221},"end":{"line":1,"column":304}},"type":"if","locations":[{"start":{"line":1,"column":221},"end":{"line":1,"column":304}},{"start":{"line":1,"column":221},"end":{"line":1,"column":304}}],"line":1},"2":{"loc":{"start":{"line":4,"column":97},"end":{"line":4,"column":143}},"type":"cond-expr","locations":[{"start":{"line":4,"column":121},"end":{"line":4,"column":124}},{"start":{"line":4,"column":127},"end":{"line":4,"column":143}}],"line":4},"3":{"loc":{"start":{"line":4,"column":97},"end":{"line":4,"column":118}},"type":"binary-expr","locations":[{"start":{"line":4,"column":97},"end":{"line":4,"column":100}},{"start":{"line":4,"column":104},"end":{"line":4,"column":118}}],"line":4}},"s":{"0":0,"1":0,"2":0,"3":0,"4":0,"5":0,"6":0,"7":0,"8":0,"9":0,"10":0,"11":0,"12":0,"13":0,"14":0,"15":0,"16":0,"17":0,"18":0,"19":0,"20":0},"f":{"0":0,"1":0,"2":0},"b":{"0":[0,0],"1":[0,0],"2":[0,0],"3":[0,0]}}
,"/Users/David/Programming/react-starter-kit/src/components/Private/index.js": {"path":"/Users/David/Programming/react-starter-kit/src/components/Private/index.js","statementMap":{"0":{"start":{"line":1,"column":13},"end":{"line":1,"column":75}},"1":{"start":{"line":1,"column":88},"end":{"line":1,"column":104}},"2":{"start":{"line":1,"column":119},"end":{"line":1,"column":149}},"3":{"start":{"line":1,"column":188},"end":{"line":1,"column":242}},"4":{"start":{"line":3,"column":14},"end":{"line":3,"column":100}},"5":{"start":{"line":3,"column":34},"end":{"line":3,"column":99}},"6":{"start":{"line":3,"column":101},"end":{"line":4,"column":8}}},"fnMap":{"0":{"name":"_interopRequireDefault","decl":{"start":{"line":1,"column":159},"end":{"line":1,"column":181}},"loc":{"start":{"line":1,"column":187},"end":{"line":1,"column":243}},"line":1},"1":{"name":"Private","decl":{"start":{"line":3,"column":23},"end":{"line":3,"column":30}},"loc":{"start":{"line":3,"column":33},"end":{"line":3,"column":100}},"line":3}},"branchMap":{"0":{"loc":{"start":{"line":1,"column":195},"end":{"line":1,"column":241}},"type":"cond-expr","locations":[{"start":{"line":1,"column":219},"end":{"line":1,"column":222}},{"start":{"line":1,"column":225},"end":{"line":1,"column":241}}],"line":1},"1":{"loc":{"start":{"line":1,"column":195},"end":{"line":1,"column":216}},"type":"binary-expr","locations":[{"start":{"line":1,"column":195},"end":{"line":1,"column":198}},{"start":{"line":1,"column":202},"end":{"line":1,"column":216}}],"line":1}},"s":{"0":0,"1":0,"2":0,"3":0,"4":0,"5":0,"6":0},"f":{"0":0,"1":0},"b":{"0":[0,0],"1":[0,0]}}
,"/Users/David/Programming/react-starter-kit/src/components/Root/index.js": {"path":"/Users/David/Programming/react-starter-kit/src/components/Root/index.js","statementMap":{"0":{"start":{"line":1,"column":13},"end":{"line":1,"column":75}},"1":{"start":{"line":1,"column":88},"end":{"line":1,"column":104}},"2":{"start":{"line":1,"column":119},"end":{"line":1,"column":149}},"3":{"start":{"line":2,"column":18},"end":{"line":2,"column":40}},"4":{"start":{"line":3,"column":24},"end":{"line":3,"column":53}},"5":{"start":{"line":4,"column":11},"end":{"line":4,"column":36}},"6":{"start":{"line":4,"column":49},"end":{"line":4,"column":77}},"7":{"start":{"line":4,"column":116},"end":{"line":4,"column":170}},"8":{"start":{"line":6,"column":11},"end":{"line":9,"column":63}},"9":{"start":{"line":6,"column":46},"end":{"line":6,"column":58}},"10":{"start":{"line":6,"column":67},"end":{"line":6,"column":77}},"11":{"start":{"line":6,"column":78},"end":{"line":9,"column":62}},"12":{"start":{"line":14,"column":0},"end":{"line":15,"column":46}},"13":{"start":{"line":15,"column":46},"end":{"line":18,"column":5}}},"fnMap":{"0":{"name":"_interopRequireDefault","decl":{"start":{"line":4,"column":87},"end":{"line":4,"column":109}},"loc":{"start":{"line":4,"column":115},"end":{"line":4,"column":171}},"line":4},"1":{"name":"Root","decl":{"start":{"line":6,"column":20},"end":{"line":6,"column":24}},"loc":{"start":{"line":6,"column":31},"end":{"line":9,"column":63}},"line":6}},"branchMap":{"0":{"loc":{"start":{"line":4,"column":123},"end":{"line":4,"column":169}},"type":"cond-expr","locations":[{"start":{"line":4,"column":147},"end":{"line":4,"column":150}},{"start":{"line":4,"column":153},"end":{"line":4,"column":169}}],"line":4},"1":{"loc":{"start":{"line":4,"column":123},"end":{"line":4,"column":144}},"type":"binary-expr","locations":[{"start":{"line":4,"column":123},"end":{"line":4,"column":126}},{"start":{"line":4,"column":130},"end":{"line":4,"column":144}}],"line":4}},"s":{"0":0,"1":0,"2":0,"3":0,"4":0,"5":0,"6":0,"7":0,"8":0,"9":0,"10":0,"11":0,"12":0,"13":0},"f":{"0":0,"1":0},"b":{"0":[0,0],"1":[0,0]}}
,"/Users/David/Programming/react-starter-kit/src/constants/actionTypes.js": {"path":"/Users/David/Programming/react-starter-kit/src/constants/actionTypes.js","statementMap":{"0":{"start":{"line":1,"column":13},"end":{"line":1,"column":75}},"1":{"start":{"line":1,"column":90},"end":{"line":1,"column":321}},"2":{"start":{"line":1,"column":126},"end":{"line":1,"column":306}},"3":{"start":{"line":1,"column":183},"end":{"line":1,"column":195}},"4":{"start":{"line":1,"column":196},"end":{"line":1,"column":305}},"5":{"start":{"line":1,"column":221},"end":{"line":1,"column":304}},"6":{"start":{"line":1,"column":277},"end":{"line":1,"column":303}},"7":{"start":{"line":1,"column":306},"end":{"line":1,"column":320}},"8":{"start":{"line":1,"column":365},"end":{"line":1,"column":512}},"9":{"start":{"line":1,"column":382},"end":{"line":1,"column":486}},"10":{"start":{"line":1,"column":494},"end":{"line":1,"column":511}},"11":{"start":{"line":1,"column":512},"end":{"line":1,"column":523}},"12":{"start":{"line":1,"column":524},"end":{"line":18,"column":7}},"13":{"start":{"line":6,"column":2},"end":{"line":15,"column":3}},"14":{"start":{"line":7,"column":22},"end":{"line":7,"column":39}},"15":{"start":{"line":8,"column":22},"end":{"line":8,"column":39}},"16":{"start":{"line":9,"column":4},"end":{"line":13,"column":43}},"17":{"start":{"line":17,"column":2},"end":{"line":17,"column":62}}},"fnMap":{"0":{"name":"(anonymous_0)","decl":{"start":{"line":1,"column":107},"end":{"line":1,"column":108}},"loc":{"start":{"line":1,"column":125},"end":{"line":1,"column":321}},"line":1},"1":{"name":"_defineProperty","decl":{"start":{"line":1,"column":331},"end":{"line":1,"column":346}},"loc":{"start":{"line":1,"column":364},"end":{"line":1,"column":524}},"line":1},"2":{"name":"(anonymous_2)","decl":{"start":{"line":5,"column":7},"end":{"line":5,"column":8}},"loc":{"start":{"line":5,"column":30},"end":{"line":18,"column":1}},"line":5}},"branchMap":{"0":{"loc":{"start":{"line":1,"column":90},"end":{"line":1,"column":321}},"type":"binary-expr","locations":[{"start":{"line":1,"column":90},"end":{"line":1,"column":103}},{"start":{"line":1,"column":107},"end":{"line":1,"column":321}}],"line":1},"1":{"loc":{"start":{"line":1,"column":221},"end":{"line":1,"column":304}},"type":"if","locations":[{"start":{"line":1,"column":221},"end":{"line":1,"column":304}},{"start":{"line":1,"column":221},"end":{"line":1,"column":304}}],"line":1},"2":{"loc":{"start":{"line":1,"column":365},"end":{"line":1,"column":512}},"type":"if","locations":[{"start":{"line":1,"column":365},"end":{"line":1,"column":512}},{"start":{"line":1,"column":365},"end":{"line":1,"column":512}}],"line":1},"3":{"loc":{"start":{"line":6,"column":2},"end":{"line":15,"column":3}},"type":"if","locations":[{"start":{"line":6,"column":2},"end":{"line":15,"column":3}},{"start":{"line":6,"column":2},"end":{"line":15,"column":3}}],"line":6}},"s":{"0":0,"1":0,"2":0,"3":0,"4":0,"5":0,"6":0,"7":0,"8":0,"9":0,"10":0,"11":0,"12":0,"13":0,"14":0,"15":0,"16":0,"17":0},"f":{"0":0,"1":0,"2":0},"b":{"0":[0,0],"1":[0,0],"2":[0,0],"3":[0,0]}}
,"/Users/David/Programming/react-starter-kit/src/constants/values.js": {"path":"/Users/David/Programming/react-starter-kit/src/constants/values.js","statementMap":{"0":{"start":{"line":1,"column":13},"end":{"line":1,"column":75}},"1":{"start":{"line":1,"column":85},"end":{"line":1,"column":119}},"2":{"start":{"line":2,"column":20},"end":{"line":2,"column":65}},"3":{"start":{"line":3,"column":16},"end":{"line":3,"column":53}},"4":{"start":{"line":4,"column":19},"end":{"line":4,"column":62}},"5":{"start":{"line":5,"column":20},"end":{"line":5,"column":82}},"6":{"start":{"line":6,"column":22},"end":{"line":6,"column":59}}},"fnMap":{},"branchMap":{},"s":{"0":0,"1":0,"2":0,"3":0,"4":0,"5":0,"6":0},"f":{},"b":{}}
,"/Users/David/Programming/react-starter-kit/src/containers/AuthRoute.js": {"path":"/Users/David/Programming/react-starter-kit/src/containers/AuthRoute.js","statementMap":{"0":{"start":{"line":1,"column":13},"end":{"line":1,"column":75}},"1":{"start":{"line":1,"column":90},"end":{"line":1,"column":321}},"2":{"start":{"line":1,"column":126},"end":{"line":1,"column":306}},"3":{"start":{"line":1,"column":183},"end":{"line":1,"column":195}},"4":{"start":{"line":1,"column":196},"end":{"line":1,"column":305}},"5":{"start":{"line":1,"column":221},"end":{"line":1,"column":304}},"6":{"start":{"line":1,"column":277},"end":{"line":1,"column":303}},"7":{"start":{"line":1,"column":306},"end":{"line":1,"column":320}},"8":{"start":{"line":1,"column":341},"end":{"line":1,"column":870}},"9":{"start":{"line":1,"column":396},"end":{"line":1,"column":661}},"10":{"start":{"line":1,"column":453},"end":{"line":1,"column":461}},"11":{"start":{"line":1,"column":462},"end":{"line":1,"column":517}},"12":{"start":{"line":1,"column":517},"end":{"line":1,"column":548}},"13":{"start":{"line":1,"column":548},"end":{"line":1,"column":602}},"14":{"start":{"line":1,"column":575},"end":{"line":1,"column":602}},"15":{"start":{"line":1,"column":602},"end":{"line":1,"column":660}},"16":{"start":{"line":1,"column":662},"end":{"line":1,"column":867}},"17":{"start":{"line":1,"column":718},"end":{"line":1,"column":786}},"18":{"start":{"line":1,"column":734},"end":{"line":1,"column":786}},"19":{"start":{"line":1,"column":786},"end":{"line":1,"column":846}},"20":{"start":{"line":1,"column":803},"end":{"line":1,"column":846}},"21":{"start":{"line":1,"column":846},"end":{"line":1,"column":865}},"22":{"start":{"line":1,"column":884},"end":{"line":1,"column":900}},"23":{"start":{"line":1,"column":915},"end":{"line":1,"column":945}},"24":{"start":{"line":2,"column":18},"end":{"line":2,"column":40}},"25":{"start":{"line":3,"column":22},"end":{"line":3,"column":49}},"26":{"start":{"line":4,"column":17},"end":{"line":4,"column":47}},"27":{"start":{"line":5,"column":24},"end":{"line":5,"column":53}},"28":{"start":{"line":5,"column":92},"end":{"line":5,"column":146}},"29":{"start":{"line":5,"column":196},"end":{"line":5,"column":295}},"30":{"start":{"line":5,"column":237},"end":{"line":5,"column":294}},"31":{"start":{"line":5,"column":345},"end":{"line":5,"column":444}},"32":{"start":{"line":5,"column":357},"end":{"line":5,"column":443}},"33":{"start":{"line":5,"column":444},"end":{"line":5,"column":530}},"34":{"start":{"line":5,"column":573},"end":{"line":5,"column":736}},"35":{"start":{"line":5,"column":635},"end":{"line":5,"column":735}},"36":{"start":{"line":5,"column":736},"end":{"line":5,"column":900}},"37":{"start":{"line":5,"column":900},"end":{"line":5,"column":1018}},"38":{"start":{"line":5,"column":916},"end":{"line":5,"column":1018}},"39":{"start":{"line":7,"column":26},"end":{"line":23,"column":60}},"40":{"start":{"line":7,"column":49},"end":{"line":7,"column":96}},"41":{"start":{"line":7,"column":132},"end":{"line":7,"column":179}},"42":{"start":{"line":7,"column":179},"end":{"line":7,"column":329}},"43":{"start":{"line":7,"column":330},"end":{"line":23,"column":10}},"44":{"start":{"line":9,"column":6},"end":{"line":11,"column":7}},"45":{"start":{"line":10,"column":8},"end":{"line":10,"column":79}},"46":{"start":{"line":15,"column":6},"end":{"line":17,"column":7}},"47":{"start":{"line":16,"column":8},"end":{"line":16,"column":79}},"48":{"start":{"line":21,"column":6},"end":{"line":21,"column":16}},"49":{"start":{"line":21,"column":29},"end":{"line":21,"column":45}},"50":{"start":{"line":21,"column":60},"end":{"line":21,"column":78}},"51":{"start":{"line":21,"column":92},"end":{"line":21,"column":109}},"52":{"start":{"line":22,"column":6},"end":{"line":22,"column":87}},"53":{"start":{"line":23,"column":10},"end":{"line":23,"column":41}},"54":{"start":{"line":25,"column":22},"end":{"line":26,"column":55}},"55":{"start":{"line":25,"column":55},"end":{"line":26,"column":54}},"56":{"start":{"line":28,"column":0},"end":{"line":28,"column":133}},"57":{"start":{"line":30,"column":12},"end":{"line":51,"column":46}},"58":{"start":{"line":30,"column":36},"end":{"line":30,"column":70}},"59":{"start":{"line":30,"column":125},"end":{"line":30,"column":158}},"60":{"start":{"line":30,"column":158},"end":{"line":30,"column":274}},"61":{"start":{"line":30,"column":244},"end":{"line":30,"column":273}},"62":{"start":{"line":30,"column":274},"end":{"line":45,"column":56}},"63":{"start":{"line":39,"column":6},"end":{"line":42,"column":48}},"64":{"start":{"line":45,"column":57},"end":{"line":51,"column":10}},"65":{"start":{"line":48,"column":6},"end":{"line":48,"column":16}},"66":{"start":{"line":48,"column":24},"end":{"line":48,"column":36}},"67":{"start":{"line":48,"column":45},"end":{"line":48,"column":58}},"68":{"start":{"line":48,"column":68},"end":{"line":48,"column":82}},"69":{"start":{"line":49,"column":23},"end":{"line":49,"column":67}},"70":{"start":{"line":50,"column":6},"end":{"line":50,"column":122}},"71":{"start":{"line":51,"column":10},"end":{"line":51,"column":27}},"72":{"start":{"line":51,"column":47},"end":{"line":51,"column":220}},"73":{"start":{"line":51,"column":220},"end":{"line":51,"column":248}}},"fnMap":{"0":{"name":"(anonymous_0)","decl":{"start":{"line":1,"column":107},"end":{"line":1,"column":108}},"loc":{"start":{"line":1,"column":125},"end":{"line":1,"column":321}},"line":1},"1":{"name":"(anonymous_1)","decl":{"start":{"line":1,"column":341},"end":{"line":1,"column":342}},"loc":{"start":{"line":1,"column":353},"end":{"line":1,"column":868}},"line":1},"2":{"name":"defineProperties","decl":{"start":{"line":1,"column":363},"end":{"line":1,"column":379}},"loc":{"start":{"line":1,"column":395},"end":{"line":1,"column":662}},"line":1},"3":{"name":"(anonymous_3)","decl":{"start":{"line":1,"column":669},"end":{"line":1,"column":670}},"loc":{"start":{"line":1,"column":717},"end":{"line":1,"column":866}},"line":1},"4":{"name":"_interopRequireDefault","decl":{"start":{"line":5,"column":63},"end":{"line":5,"column":85}},"loc":{"start":{"line":5,"column":91},"end":{"line":5,"column":147}},"line":5},"5":{"name":"_classCallCheck","decl":{"start":{"line":5,"column":156},"end":{"line":5,"column":171}},"loc":{"start":{"line":5,"column":195},"end":{"line":5,"column":296}},"line":5},"6":{"name":"_possibleConstructorReturn","decl":{"start":{"line":5,"column":305},"end":{"line":5,"column":331}},"loc":{"start":{"line":5,"column":344},"end":{"line":5,"column":531}},"line":5},"7":{"name":"_inherits","decl":{"start":{"line":5,"column":540},"end":{"line":5,"column":549}},"loc":{"start":{"line":5,"column":572},"end":{"line":5,"column":1019}},"line":5},"8":{"name":"(anonymous_8)","decl":{"start":{"line":7,"column":26},"end":{"line":7,"column":27}},"loc":{"start":{"line":7,"column":48},"end":{"line":23,"column":42}},"line":7},"9":{"name":"AuthenticationContainer","decl":{"start":{"line":7,"column":105},"end":{"line":7,"column":128}},"loc":{"start":{"line":7,"column":131},"end":{"line":7,"column":330}},"line":7},"10":{"name":"componentWillReceiveProps","decl":{"start":{"line":7,"column":421},"end":{"line":7,"column":446}},"loc":{"start":{"line":8,"column":15},"end":{"line":12,"column":5}},"line":8},"11":{"name":"componentDidMount","decl":{"start":{"line":12,"column":53},"end":{"line":12,"column":70}},"loc":{"start":{"line":14,"column":4},"end":{"line":18,"column":5}},"line":14},"12":{"name":"render","decl":{"start":{"line":18,"column":42},"end":{"line":18,"column":48}},"loc":{"start":{"line":20,"column":4},"end":{"line":23,"column":5}},"line":20},"13":{"name":"mapStateToProps","decl":{"start":{"line":25,"column":31},"end":{"line":25,"column":46}},"loc":{"start":{"line":25,"column":54},"end":{"line":26,"column":55}},"line":25},"14":{"name":"(anonymous_14)","decl":{"start":{"line":30,"column":12},"end":{"line":30,"column":13}},"loc":{"start":{"line":30,"column":35},"end":{"line":51,"column":28}},"line":30},"15":{"name":"AuthRoute","decl":{"start":{"line":30,"column":79},"end":{"line":30,"column":88}},"loc":{"start":{"line":30,"column":91},"end":{"line":45,"column":57}},"line":30},"16":{"name":"(anonymous_16)","decl":{"start":{"line":38,"column":18},"end":{"line":38,"column":19}},"loc":{"start":{"line":38,"column":40},"end":{"line":45,"column":5}},"line":38},"17":{"name":"render","decl":{"start":{"line":45,"column":115},"end":{"line":45,"column":121}},"loc":{"start":{"line":47,"column":4},"end":{"line":51,"column":5}},"line":47}},"branchMap":{"0":{"loc":{"start":{"line":1,"column":90},"end":{"line":1,"column":321}},"type":"binary-expr","locations":[{"start":{"line":1,"column":90},"end":{"line":1,"column":103}},{"start":{"line":1,"column":107},"end":{"line":1,"column":321}}],"line":1},"1":{"loc":{"start":{"line":1,"column":221},"end":{"line":1,"column":304}},"type":"if","locations":[{"start":{"line":1,"column":221},"end":{"line":1,"column":304}},{"start":{"line":1,"column":221},"end":{"line":1,"column":304}}],"line":1},"2":{"loc":{"start":{"line":1,"column":486},"end":{"line":1,"column":516}},"type":"binary-expr","locations":[{"start":{"line":1,"column":486},"end":{"line":1,"column":507}},{"start":{"line":1,"column":511},"end":{"line":1,"column":516}}],"line":1},"3":{"loc":{"start":{"line":1,"column":548},"end":{"line":1,"column":602}},"type":"if","locations":[{"start":{"line":1,"column":548},"end":{"line":1,"column":602}},{"start":{"line":1,"column":548},"end":{"line":1,"column":602}}],"line":1},"4":{"loc":{"start":{"line":1,"column":718},"end":{"line":1,"column":786}},"type":"if","locations":[{"start":{"line":1,"column":718},"end":{"line":1,"column":786}},{"start":{"line":1,"column":718},"end":{"line":1,"column":786}}],"line":1},"5":{"loc":{"start":{"line":1,"column":786},"end":{"line":1,"column":846}},"type":"if","locations":[{"start":{"line":1,"column":786},"end":{"line":1,"column":846}},{"start":{"line":1,"column":786},"end":{"line":1,"column":846}}],"line":1},"6":{"loc":{"start":{"line":5,"column":99},"end":{"line":5,"column":145}},"type":"cond-expr","locations":[{"start":{"line":5,"column":123},"end":{"line":5,"column":126}},{"start":{"line":5,"column":129},"end":{"line":5,"column":145}}],"line":5},"7":{"loc":{"start":{"line":5,"column":99},"end":{"line":5,"column":120}},"type":"binary-expr","locations":[{"start":{"line":5,"column":99},"end":{"line":5,"column":102}},{"start":{"line":5,"column":106},"end":{"line":5,"column":120}}],"line":5},"8":{"loc":{"start":{"line":5,"column":196},"end":{"line":5,"column":295}},"type":"if","locations":[{"start":{"line":5,"column":196},"end":{"line":5,"column":295}},{"start":{"line":5,"column":196},"end":{"line":5,"column":295}}],"line":5},"9":{"loc":{"start":{"line":5,"column":345},"end":{"line":5,"column":444}},"type":"if","locations":[{"start":{"line":5,"column":345},"end":{"line":5,"column":444}},{"start":{"line":5,"column":345},"end":{"line":5,"column":444}}],"line":5},"10":{"loc":{"start":{"line":5,"column":451},"end":{"line":5,"column":529}},"type":"cond-expr","locations":[{"start":{"line":5,"column":518},"end":{"line":5,"column":522}},{"start":{"line":5,"column":525},"end":{"line":5,"column":529}}],"line":5},"11":{"loc":{"start":{"line":5,"column":451},"end":{"line":5,"column":515}},"type":"binary-expr","locations":[{"start":{"line":5,"column":451},"end":{"line":5,"column":455}},{"start":{"line":5,"column":460},"end":{"line":5,"column":484}},{"start":{"line":5,"column":488},"end":{"line":5,"column":514}}],"line":5},"12":{"loc":{"start":{"line":5,"column":573},"end":{"line":5,"column":736}},"type":"if","locations":[{"start":{"line":5,"column":573},"end":{"line":5,"column":736}},{"start":{"line":5,"column":573},"end":{"line":5,"column":736}}],"line":5},"13":{"loc":{"start":{"line":5,"column":577},"end":{"line":5,"column":632}},"type":"binary-expr","locations":[{"start":{"line":5,"column":577},"end":{"line":5,"column":609}},{"start":{"line":5,"column":613},"end":{"line":5,"column":632}}],"line":5},"14":{"loc":{"start":{"line":5,"column":771},"end":{"line":5,"column":805}},"type":"binary-expr","locations":[{"start":{"line":5,"column":771},"end":{"line":5,"column":781}},{"start":{"line":5,"column":785},"end":{"line":5,"column":805}}],"line":5},"15":{"loc":{"start":{"line":5,"column":900},"end":{"line":5,"column":1018}},"type":"if","locations":[{"start":{"line":5,"column":900},"end":{"line":5,"column":1018}},{"start":{"line":5,"column":900},"end":{"line":5,"column":1018}}],"line":5},"16":{"loc":{"start":{"line":5,"column":916},"end":{"line":5,"column":1017}},"type":"cond-expr","locations":[{"start":{"line":5,"column":940},"end":{"line":5,"column":983}},{"start":{"line":5,"column":986},"end":{"line":5,"column":1017}}],"line":5},"17":{"loc":{"start":{"line":7,"column":220},"end":{"line":7,"column":303}},"type":"binary-expr","locations":[{"start":{"line":7,"column":220},"end":{"line":7,"column":253}},{"start":{"line":7,"column":257},"end":{"line":7,"column":303}}],"line":7},"18":{"loc":{"start":{"line":9,"column":6},"end":{"line":11,"column":7}},"type":"if","locations":[{"start":{"line":9,"column":6},"end":{"line":11,"column":7}},{"start":{"line":9,"column":6},"end":{"line":11,"column":7}}],"line":9},"19":{"loc":{"start":{"line":15,"column":6},"end":{"line":17,"column":7}},"type":"if","locations":[{"start":{"line":15,"column":6},"end":{"line":17,"column":7}},{"start":{"line":15,"column":6},"end":{"line":17,"column":7}}],"line":15},"20":{"loc":{"start":{"line":22,"column":13},"end":{"line":22,"column":86}},"type":"cond-expr","locations":[{"start":{"line":22,"column":27},"end":{"line":22,"column":79}},{"start":{"line":22,"column":82},"end":{"line":22,"column":86}}],"line":22},"21":{"loc":{"start":{"line":30,"column":348},"end":{"line":30,"column":403}},"type":"binary-expr","locations":[{"start":{"line":30,"column":348},"end":{"line":30,"column":367}},{"start":{"line":30,"column":371},"end":{"line":30,"column":403}}],"line":30}},"s":{"0":0,"1":0,"2":0,"3":0,"4":0,"5":0,"6":0,"7":0,"8":0,"9":0,"10":0,"11":0,"12":0,"13":0,"14":0,"15":0,"16":0,"17":0,"18":0,"19":0,"20":0,"21":0,"22":0,"23":0,"24":0,"25":0,"26":0,"27":0,"28":0,"29":0,"30":0,"31":0,"32":0,"33":0,"34":0,"35":0,"36":0,"37":0,"38":0,"39":0,"40":0,"41":0,"42":0,"43":0,"44":0,"45":0,"46":0,"47":0,"48":0,"49":0,"50":0,"51":0,"52":0,"53":0,"54":0,"55":0,"56":0,"57":0,"58":0,"59":0,"60":0,"61":0,"62":0,"63":0,"64":0,"65":0,"66":0,"67":0,"68":0,"69":0,"70":0,"71":0,"72":0,"73":0},"f":{"0":0,"1":0,"2":0,"3":0,"4":0,"5":0,"6":0,"7":0,"8":0,"9":0,"10":0,"11":0,"12":0,"13":0,"14":0,"15":0,"16":0,"17":0},"b":{"0":[0,0],"1":[0,0],"2":[0,0],"3":[0,0],"4":[0,0],"5":[0,0],"6":[0,0],"7":[0,0],"8":[0,0],"9":[0,0],"10":[0,0],"11":[0,0,0],"12":[0,0],"13":[0,0],"14":[0,0],"15":[0,0],"16":[0,0],"17":[0,0],"18":[0,0],"19":[0,0],"20":[0,0],"21":[0,0]}}
,"/Users/David/Programming/react-starter-kit/src/containers/DevTools.js": {"path":"/Users/David/Programming/react-starter-kit/src/containers/DevTools.js","statementMap":{"0":{"start":{"line":1,"column":13},"end":{"line":1,"column":75}},"1":{"start":{"line":1,"column":88},"end":{"line":1,"column":104}},"2":{"start":{"line":1,"column":119},"end":{"line":1,"column":149}},"3":{"start":{"line":2,"column":21},"end":{"line":2,"column":46}},"4":{"start":{"line":3,"column":31},"end":{"line":3,"column":68}},"5":{"start":{"line":3,"column":101},"end":{"line":3,"column":149}},"6":{"start":{"line":4,"column":32},"end":{"line":4,"column":70}},"7":{"start":{"line":4,"column":104},"end":{"line":4,"column":153}},"8":{"start":{"line":4,"column":192},"end":{"line":4,"column":246}},"9":{"start":{"line":4,"column":247},"end":{"line":12,"column":75}}},"fnMap":{"0":{"name":"_interopRequireDefault","decl":{"start":{"line":4,"column":163},"end":{"line":4,"column":185}},"loc":{"start":{"line":4,"column":191},"end":{"line":4,"column":247}},"line":4}},"branchMap":{"0":{"loc":{"start":{"line":4,"column":199},"end":{"line":4,"column":245}},"type":"cond-expr","locations":[{"start":{"line":4,"column":223},"end":{"line":4,"column":226}},{"start":{"line":4,"column":229},"end":{"line":4,"column":245}}],"line":4},"1":{"loc":{"start":{"line":4,"column":199},"end":{"line":4,"column":220}},"type":"binary-expr","locations":[{"start":{"line":4,"column":199},"end":{"line":4,"column":202}},{"start":{"line":4,"column":206},"end":{"line":4,"column":220}}],"line":4}},"s":{"0":0,"1":0,"2":0,"3":0,"4":0,"5":0,"6":0,"7":0,"8":0,"9":0},"f":{"0":0},"b":{"0":[0,0],"1":[0,0]}}
,"/Users/David/Programming/react-starter-kit/src/containers/HeaderContainer.js": {"path":"/Users/David/Programming/react-starter-kit/src/containers/HeaderContainer.js","statementMap":{"0":{"start":{"line":1,"column":13},"end":{"line":1,"column":75}},"1":{"start":{"line":1,"column":94},"end":{"line":1,"column":623}},"2":{"start":{"line":1,"column":149},"end":{"line":1,"column":414}},"3":{"start":{"line":1,"column":206},"end":{"line":1,"column":214}},"4":{"start":{"line":1,"column":215},"end":{"line":1,"column":270}},"5":{"start":{"line":1,"column":270},"end":{"line":1,"column":301}},"6":{"start":{"line":1,"column":301},"end":{"line":1,"column":355}},"7":{"start":{"line":1,"column":328},"end":{"line":1,"column":355}},"8":{"start":{"line":1,"column":355},"end":{"line":1,"column":413}},"9":{"start":{"line":1,"column":415},"end":{"line":1,"column":620}},"10":{"start":{"line":1,"column":471},"end":{"line":1,"column":539}},"11":{"start":{"line":1,"column":487},"end":{"line":1,"column":539}},"12":{"start":{"line":1,"column":539},"end":{"line":1,"column":599}},"13":{"start":{"line":1,"column":556},"end":{"line":1,"column":599}},"14":{"start":{"line":1,"column":599},"end":{"line":1,"column":618}},"15":{"start":{"line":1,"column":637},"end":{"line":1,"column":653}},"16":{"start":{"line":1,"column":668},"end":{"line":1,"column":698}},"17":{"start":{"line":2,"column":18},"end":{"line":2,"column":40}},"18":{"start":{"line":3,"column":17},"end":{"line":3,"column":47}},"19":{"start":{"line":4,"column":14},"end":{"line":4,"column":42}},"20":{"start":{"line":4,"column":58},"end":{"line":4,"column":89}},"21":{"start":{"line":5,"column":22},"end":{"line":5,"column":56}},"22":{"start":{"line":5,"column":95},"end":{"line":5,"column":149}},"23":{"start":{"line":5,"column":199},"end":{"line":5,"column":298}},"24":{"start":{"line":5,"column":240},"end":{"line":5,"column":297}},"25":{"start":{"line":5,"column":348},"end":{"line":5,"column":447}},"26":{"start":{"line":5,"column":360},"end":{"line":5,"column":446}},"27":{"start":{"line":5,"column":447},"end":{"line":5,"column":533}},"28":{"start":{"line":5,"column":576},"end":{"line":5,"column":739}},"29":{"start":{"line":5,"column":638},"end":{"line":5,"column":738}},"30":{"start":{"line":5,"column":739},"end":{"line":5,"column":903}},"31":{"start":{"line":5,"column":903},"end":{"line":5,"column":1021}},"32":{"start":{"line":5,"column":919},"end":{"line":5,"column":1021}},"33":{"start":{"line":7,"column":18},"end":{"line":14,"column":52}},"34":{"start":{"line":7,"column":41},"end":{"line":7,"column":80}},"35":{"start":{"line":7,"column":140},"end":{"line":7,"column":179}},"36":{"start":{"line":7,"column":179},"end":{"line":7,"column":295}},"37":{"start":{"line":7,"column":265},"end":{"line":7,"column":294}},"38":{"start":{"line":7,"column":295},"end":{"line":10,"column":55}},"39":{"start":{"line":9,"column":6},"end":{"line":9,"column":41}},"40":{"start":{"line":10,"column":56},"end":{"line":14,"column":10}},"41":{"start":{"line":13,"column":6},"end":{"line":13,"column":141}},"42":{"start":{"line":14,"column":10},"end":{"line":14,"column":33}},"43":{"start":{"line":17,"column":22},"end":{"line":18,"column":55}},"44":{"start":{"line":17,"column":55},"end":{"line":18,"column":54}},"45":{"start":{"line":18,"column":56},"end":{"line":21,"column":123}}},"fnMap":{"0":{"name":"(anonymous_0)","decl":{"start":{"line":1,"column":94},"end":{"line":1,"column":95}},"loc":{"start":{"line":1,"column":106},"end":{"line":1,"column":621}},"line":1},"1":{"name":"defineProperties","decl":{"start":{"line":1,"column":116},"end":{"line":1,"column":132}},"loc":{"start":{"line":1,"column":148},"end":{"line":1,"column":415}},"line":1},"2":{"name":"(anonymous_2)","decl":{"start":{"line":1,"column":422},"end":{"line":1,"column":423}},"loc":{"start":{"line":1,"column":470},"end":{"line":1,"column":619}},"line":1},"3":{"name":"_interopRequireDefault","decl":{"start":{"line":5,"column":66},"end":{"line":5,"column":88}},"loc":{"start":{"line":5,"column":94},"end":{"line":5,"column":150}},"line":5},"4":{"name":"_classCallCheck","decl":{"start":{"line":5,"column":159},"end":{"line":5,"column":174}},"loc":{"start":{"line":5,"column":198},"end":{"line":5,"column":299}},"line":5},"5":{"name":"_possibleConstructorReturn","decl":{"start":{"line":5,"column":308},"end":{"line":5,"column":334}},"loc":{"start":{"line":5,"column":347},"end":{"line":5,"column":534}},"line":5},"6":{"name":"_inherits","decl":{"start":{"line":5,"column":543},"end":{"line":5,"column":552}},"loc":{"start":{"line":5,"column":575},"end":{"line":5,"column":1022}},"line":5},"7":{"name":"(anonymous_7)","decl":{"start":{"line":7,"column":18},"end":{"line":7,"column":19}},"loc":{"start":{"line":7,"column":40},"end":{"line":14,"column":34}},"line":7},"8":{"name":"HeaderContainer","decl":{"start":{"line":7,"column":89},"end":{"line":7,"column":104}},"loc":{"start":{"line":7,"column":107},"end":{"line":10,"column":56}},"line":7},"9":{"name":"(anonymous_9)","decl":{"start":{"line":8,"column":24},"end":{"line":8,"column":25}},"loc":{"start":{"line":8,"column":36},"end":{"line":10,"column":5}},"line":8},"10":{"name":"render","decl":{"start":{"line":10,"column":120},"end":{"line":10,"column":126}},"loc":{"start":{"line":12,"column":4},"end":{"line":14,"column":5}},"line":12},"11":{"name":"mapStateToProps","decl":{"start":{"line":17,"column":31},"end":{"line":17,"column":46}},"loc":{"start":{"line":17,"column":54},"end":{"line":18,"column":55}},"line":17}},"branchMap":{"0":{"loc":{"start":{"line":1,"column":239},"end":{"line":1,"column":269}},"type":"binary-expr","locations":[{"start":{"line":1,"column":239},"end":{"line":1,"column":260}},{"start":{"line":1,"column":264},"end":{"line":1,"column":269}}],"line":1},"1":{"loc":{"start":{"line":1,"column":301},"end":{"line":1,"column":355}},"type":"if","locations":[{"start":{"line":1,"column":301},"end":{"line":1,"column":355}},{"start":{"line":1,"column":301},"end":{"line":1,"column":355}}],"line":1},"2":{"loc":{"start":{"line":1,"column":471},"end":{"line":1,"column":539}},"type":"if","locations":[{"start":{"line":1,"column":471},"end":{"line":1,"column":539}},{"start":{"line":1,"column":471},"end":{"line":1,"column":539}}],"line":1},"3":{"loc":{"start":{"line":1,"column":539},"end":{"line":1,"column":599}},"type":"if","locations":[{"start":{"line":1,"column":539},"end":{"line":1,"column":599}},{"start":{"line":1,"column":539},"end":{"line":1,"column":599}}],"line":1},"4":{"loc":{"start":{"line":5,"column":102},"end":{"line":5,"column":148}},"type":"cond-expr","locations":[{"start":{"line":5,"column":126},"end":{"line":5,"column":129}},{"start":{"line":5,"column":132},"end":{"line":5,"column":148}}],"line":5},"5":{"loc":{"start":{"line":5,"column":102},"end":{"line":5,"column":123}},"type":"binary-expr","locations":[{"start":{"line":5,"column":102},"end":{"line":5,"column":105}},{"start":{"line":5,"column":109},"end":{"line":5,"column":123}}],"line":5},"6":{"loc":{"start":{"line":5,"column":199},"end":{"line":5,"column":298}},"type":"if","locations":[{"start":{"line":5,"column":199},"end":{"line":5,"column":298}},{"start":{"line":5,"column":199},"end":{"line":5,"column":298}}],"line":5},"7":{"loc":{"start":{"line":5,"column":348},"end":{"line":5,"column":447}},"type":"if","locations":[{"start":{"line":5,"column":348},"end":{"line":5,"column":447}},{"start":{"line":5,"column":348},"end":{"line":5,"column":447}}],"line":5},"8":{"loc":{"start":{"line":5,"column":454},"end":{"line":5,"column":532}},"type":"cond-expr","locations":[{"start":{"line":5,"column":521},"end":{"line":5,"column":525}},{"start":{"line":5,"column":528},"end":{"line":5,"column":532}}],"line":5},"9":{"loc":{"start":{"line":5,"column":454},"end":{"line":5,"column":518}},"type":"binary-expr","locations":[{"start":{"line":5,"column":454},"end":{"line":5,"column":458}},{"start":{"line":5,"column":463},"end":{"line":5,"column":487}},{"start":{"line":5,"column":491},"end":{"line":5,"column":517}}],"line":5},"10":{"loc":{"start":{"line":5,"column":576},"end":{"line":5,"column":739}},"type":"if","locations":[{"start":{"line":5,"column":576},"end":{"line":5,"column":739}},{"start":{"line":5,"column":576},"end":{"line":5,"column":739}}],"line":5},"11":{"loc":{"start":{"line":5,"column":580},"end":{"line":5,"column":635}},"type":"binary-expr","locations":[{"start":{"line":5,"column":580},"end":{"line":5,"column":612}},{"start":{"line":5,"column":616},"end":{"line":5,"column":635}}],"line":5},"12":{"loc":{"start":{"line":5,"column":774},"end":{"line":5,"column":808}},"type":"binary-expr","locations":[{"start":{"line":5,"column":774},"end":{"line":5,"column":784}},{"start":{"line":5,"column":788},"end":{"line":5,"column":808}}],"line":5},"13":{"loc":{"start":{"line":5,"column":903},"end":{"line":5,"column":1021}},"type":"if","locations":[{"start":{"line":5,"column":903},"end":{"line":5,"column":1021}},{"start":{"line":5,"column":903},"end":{"line":5,"column":1021}}],"line":5},"14":{"loc":{"start":{"line":5,"column":919},"end":{"line":5,"column":1020}},"type":"cond-expr","locations":[{"start":{"line":5,"column":943},"end":{"line":5,"column":986}},{"start":{"line":5,"column":989},"end":{"line":5,"column":1020}}],"line":5},"15":{"loc":{"start":{"line":7,"column":368},"end":{"line":7,"column":435}},"type":"binary-expr","locations":[{"start":{"line":7,"column":368},"end":{"line":7,"column":393}},{"start":{"line":7,"column":397},"end":{"line":7,"column":435}}],"line":7}},"s":{"0":0,"1":0,"2":0,"3":0,"4":0,"5":0,"6":0,"7":0,"8":0,"9":0,"10":0,"11":0,"12":0,"13":0,"14":0,"15":0,"16":0,"17":0,"18":0,"19":0,"20":0,"21":0,"22":0,"23":0,"24":0,"25":0,"26":0,"27":0,"28":0,"29":0,"30":0,"31":0,"32":0,"33":0,"34":0,"35":0,"36":0,"37":0,"38":0,"39":0,"40":0,"41":0,"42":0,"43":0,"44":0,"45":0},"f":{"0":0,"1":0,"2":0,"3":0,"4":0,"5":0,"6":0,"7":0,"8":0,"9":0,"10":0,"11":0},"b":{"0":[0,0],"1":[0,0],"2":[0,0],"3":[0,0],"4":[0,0],"5":[0,0],"6":[0,0],"7":[0,0],"8":[0,0],"9":[0,0,0],"10":[0,0],"11":[0,0],"12":[0,0],"13":[0,0],"14":[0,0],"15":[0,0]}}
,"/Users/David/Programming/react-starter-kit/src/containers/HomeContainer.js": {"path":"/Users/David/Programming/react-starter-kit/src/containers/HomeContainer.js","statementMap":{"0":{"start":{"line":1,"column":13},"end":{"line":1,"column":75}},"1":{"start":{"line":1,"column":94},"end":{"line":1,"column":623}},"2":{"start":{"line":1,"column":149},"end":{"line":1,"column":414}},"3":{"start":{"line":1,"column":206},"end":{"line":1,"column":214}},"4":{"start":{"line":1,"column":215},"end":{"line":1,"column":270}},"5":{"start":{"line":1,"column":270},"end":{"line":1,"column":301}},"6":{"start":{"line":1,"column":301},"end":{"line":1,"column":355}},"7":{"start":{"line":1,"column":328},"end":{"line":1,"column":355}},"8":{"start":{"line":1,"column":355},"end":{"line":1,"column":413}},"9":{"start":{"line":1,"column":415},"end":{"line":1,"column":620}},"10":{"start":{"line":1,"column":471},"end":{"line":1,"column":539}},"11":{"start":{"line":1,"column":487},"end":{"line":1,"column":539}},"12":{"start":{"line":1,"column":539},"end":{"line":1,"column":599}},"13":{"start":{"line":1,"column":556},"end":{"line":1,"column":599}},"14":{"start":{"line":1,"column":599},"end":{"line":1,"column":618}},"15":{"start":{"line":1,"column":637},"end":{"line":1,"column":653}},"16":{"start":{"line":1,"column":668},"end":{"line":1,"column":698}},"17":{"start":{"line":2,"column":18},"end":{"line":2,"column":40}},"18":{"start":{"line":3,"column":17},"end":{"line":3,"column":47}},"19":{"start":{"line":3,"column":86},"end":{"line":3,"column":140}},"20":{"start":{"line":3,"column":190},"end":{"line":3,"column":289}},"21":{"start":{"line":3,"column":231},"end":{"line":3,"column":288}},"22":{"start":{"line":3,"column":339},"end":{"line":3,"column":438}},"23":{"start":{"line":3,"column":351},"end":{"line":3,"column":437}},"24":{"start":{"line":3,"column":438},"end":{"line":3,"column":524}},"25":{"start":{"line":3,"column":567},"end":{"line":3,"column":730}},"26":{"start":{"line":3,"column":629},"end":{"line":3,"column":729}},"27":{"start":{"line":3,"column":730},"end":{"line":3,"column":894}},"28":{"start":{"line":3,"column":894},"end":{"line":3,"column":1012}},"29":{"start":{"line":3,"column":910},"end":{"line":3,"column":1012}},"30":{"start":{"line":5,"column":16},"end":{"line":14,"column":50}},"31":{"start":{"line":5,"column":39},"end":{"line":5,"column":76}},"32":{"start":{"line":5,"column":102},"end":{"line":5,"column":139}},"33":{"start":{"line":5,"column":139},"end":{"line":5,"column":269}},"34":{"start":{"line":5,"column":270},"end":{"line":14,"column":10}},"35":{"start":{"line":7,"column":6},"end":{"line":11,"column":102}},"36":{"start":{"line":14,"column":10},"end":{"line":14,"column":31}},"37":{"start":{"line":17,"column":22},"end":{"line":18,"column":55}},"38":{"start":{"line":17,"column":55},"end":{"line":18,"column":54}},"39":{"start":{"line":18,"column":56},"end":{"line":21,"column":57}}},"fnMap":{"0":{"name":"(anonymous_0)","decl":{"start":{"line":1,"column":94},"end":{"line":1,"column":95}},"loc":{"start":{"line":1,"column":106},"end":{"line":1,"column":621}},"line":1},"1":{"name":"defineProperties","decl":{"start":{"line":1,"column":116},"end":{"line":1,"column":132}},"loc":{"start":{"line":1,"column":148},"end":{"line":1,"column":415}},"line":1},"2":{"name":"(anonymous_2)","decl":{"start":{"line":1,"column":422},"end":{"line":1,"column":423}},"loc":{"start":{"line":1,"column":470},"end":{"line":1,"column":619}},"line":1},"3":{"name":"_interopRequireDefault","decl":{"start":{"line":3,"column":57},"end":{"line":3,"column":79}},"loc":{"start":{"line":3,"column":85},"end":{"line":3,"column":141}},"line":3},"4":{"name":"_classCallCheck","decl":{"start":{"line":3,"column":150},"end":{"line":3,"column":165}},"loc":{"start":{"line":3,"column":189},"end":{"line":3,"column":290}},"line":3},"5":{"name":"_possibleConstructorReturn","decl":{"start":{"line":3,"column":299},"end":{"line":3,"column":325}},"loc":{"start":{"line":3,"column":338},"end":{"line":3,"column":525}},"line":3},"6":{"name":"_inherits","decl":{"start":{"line":3,"column":534},"end":{"line":3,"column":543}},"loc":{"start":{"line":3,"column":566},"end":{"line":3,"column":1013}},"line":3},"7":{"name":"(anonymous_7)","decl":{"start":{"line":5,"column":16},"end":{"line":5,"column":17}},"loc":{"start":{"line":5,"column":38},"end":{"line":14,"column":32}},"line":5},"8":{"name":"HomeContainer","decl":{"start":{"line":5,"column":85},"end":{"line":5,"column":98}},"loc":{"start":{"line":5,"column":101},"end":{"line":5,"column":270}},"line":5},"9":{"name":"render","decl":{"start":{"line":5,"column":332},"end":{"line":5,"column":338}},"loc":{"start":{"line":6,"column":4},"end":{"line":14,"column":5}},"line":6},"10":{"name":"mapStateToProps","decl":{"start":{"line":17,"column":31},"end":{"line":17,"column":46}},"loc":{"start":{"line":17,"column":54},"end":{"line":18,"column":55}},"line":17}},"branchMap":{"0":{"loc":{"start":{"line":1,"column":239},"end":{"line":1,"column":269}},"type":"binary-expr","locations":[{"start":{"line":1,"column":239},"end":{"line":1,"column":260}},{"start":{"line":1,"column":264},"end":{"line":1,"column":269}}],"line":1},"1":{"loc":{"start":{"line":1,"column":301},"end":{"line":1,"column":355}},"type":"if","locations":[{"start":{"line":1,"column":301},"end":{"line":1,"column":355}},{"start":{"line":1,"column":301},"end":{"line":1,"column":355}}],"line":1},"2":{"loc":{"start":{"line":1,"column":471},"end":{"line":1,"column":539}},"type":"if","locations":[{"start":{"line":1,"column":471},"end":{"line":1,"column":539}},{"start":{"line":1,"column":471},"end":{"line":1,"column":539}}],"line":1},"3":{"loc":{"start":{"line":1,"column":539},"end":{"line":1,"column":599}},"type":"if","locations":[{"start":{"line":1,"column":539},"end":{"line":1,"column":599}},{"start":{"line":1,"column":539},"end":{"line":1,"column":599}}],"line":1},"4":{"loc":{"start":{"line":3,"column":93},"end":{"line":3,"column":139}},"type":"cond-expr","locations":[{"start":{"line":3,"column":117},"end":{"line":3,"column":120}},{"start":{"line":3,"column":123},"end":{"line":3,"column":139}}],"line":3},"5":{"loc":{"start":{"line":3,"column":93},"end":{"line":3,"column":114}},"type":"binary-expr","locations":[{"start":{"line":3,"column":93},"end":{"line":3,"column":96}},{"start":{"line":3,"column":100},"end":{"line":3,"column":114}}],"line":3},"6":{"loc":{"start":{"line":3,"column":190},"end":{"line":3,"column":289}},"type":"if","locations":[{"start":{"line":3,"column":190},"end":{"line":3,"column":289}},{"start":{"line":3,"column":190},"end":{"line":3,"column":289}}],"line":3},"7":{"loc":{"start":{"line":3,"column":339},"end":{"line":3,"column":438}},"type":"if","locations":[{"start":{"line":3,"column":339},"end":{"line":3,"column":438}},{"start":{"line":3,"column":339},"end":{"line":3,"column":438}}],"line":3},"8":{"loc":{"start":{"line":3,"column":445},"end":{"line":3,"column":523}},"type":"cond-expr","locations":[{"start":{"line":3,"column":512},"end":{"line":3,"column":516}},{"start":{"line":3,"column":519},"end":{"line":3,"column":523}}],"line":3},"9":{"loc":{"start":{"line":3,"column":445},"end":{"line":3,"column":509}},"type":"binary-expr","locations":[{"start":{"line":3,"column":445},"end":{"line":3,"column":449}},{"start":{"line":3,"column":454},"end":{"line":3,"column":478}},{"start":{"line":3,"column":482},"end":{"line":3,"column":508}}],"line":3},"10":{"loc":{"start":{"line":3,"column":567},"end":{"line":3,"column":730}},"type":"if","locations":[{"start":{"line":3,"column":567},"end":{"line":3,"column":730}},{"start":{"line":3,"column":567},"end":{"line":3,"column":730}}],"line":3},"11":{"loc":{"start":{"line":3,"column":571},"end":{"line":3,"column":626}},"type":"binary-expr","locations":[{"start":{"line":3,"column":571},"end":{"line":3,"column":603}},{"start":{"line":3,"column":607},"end":{"line":3,"column":626}}],"line":3},"12":{"loc":{"start":{"line":3,"column":765},"end":{"line":3,"column":799}},"type":"binary-expr","locations":[{"start":{"line":3,"column":765},"end":{"line":3,"column":775}},{"start":{"line":3,"column":779},"end":{"line":3,"column":799}}],"line":3},"13":{"loc":{"start":{"line":3,"column":894},"end":{"line":3,"column":1012}},"type":"if","locations":[{"start":{"line":3,"column":894},"end":{"line":3,"column":1012}},{"start":{"line":3,"column":894},"end":{"line":3,"column":1012}}],"line":3},"14":{"loc":{"start":{"line":3,"column":910},"end":{"line":3,"column":1011}},"type":"cond-expr","locations":[{"start":{"line":3,"column":934},"end":{"line":3,"column":977}},{"start":{"line":3,"column":980},"end":{"line":3,"column":1011}}],"line":3},"15":{"loc":{"start":{"line":5,"column":180},"end":{"line":5,"column":243}},"type":"binary-expr","locations":[{"start":{"line":5,"column":180},"end":{"line":5,"column":203}},{"start":{"line":5,"column":207},"end":{"line":5,"column":243}}],"line":5},"16":{"loc":{"start":{"line":10,"column":10},"end":{"line":11,"column":99}},"type":"binary-expr","locations":[{"start":{"line":10,"column":10},"end":{"line":10,"column":32}},{"start":{"line":11,"column":10},"end":{"line":11,"column":99}}],"line":10}},"s":{"0":0,"1":0,"2":0,"3":0,"4":0,"5":0,"6":0,"7":0,"8":0,"9":0,"10":0,"11":0,"12":0,"13":0,"14":0,"15":0,"16":0,"17":0,"18":0,"19":0,"20":0,"21":0,"22":0,"23":0,"24":0,"25":0,"26":0,"27":0,"28":0,"29":0,"30":0,"31":0,"32":0,"33":0,"34":0,"35":0,"36":0,"37":0,"38":0,"39":0},"f":{"0":0,"1":0,"2":0,"3":0,"4":0,"5":0,"6":0,"7":0,"8":0,"9":0,"10":0},"b":{"0":[0,0],"1":[0,0],"2":[0,0],"3":[0,0],"4":[0,0],"5":[0,0],"6":[0,0],"7":[0,0],"8":[0,0],"9":[0,0,0],"10":[0,0],"11":[0,0],"12":[0,0],"13":[0,0],"14":[0,0],"15":[0,0],"16":[0,0]}}
,"/Users/David/Programming/react-starter-kit/src/containers/LogInContainer.js": {"path":"/Users/David/Programming/react-starter-kit/src/containers/LogInContainer.js","statementMap":{"0":{"start":{"line":1,"column":13},"end":{"line":1,"column":75}},"1":{"start":{"line":1,"column":94},"end":{"line":1,"column":623}},"2":{"start":{"line":1,"column":149},"end":{"line":1,"column":414}},"3":{"start":{"line":1,"column":206},"end":{"line":1,"column":214}},"4":{"start":{"line":1,"column":215},"end":{"line":1,"column":270}},"5":{"start":{"line":1,"column":270},"end":{"line":1,"column":301}},"6":{"start":{"line":1,"column":301},"end":{"line":1,"column":355}},"7":{"start":{"line":1,"column":328},"end":{"line":1,"column":355}},"8":{"start":{"line":1,"column":355},"end":{"line":1,"column":413}},"9":{"start":{"line":1,"column":415},"end":{"line":1,"column":620}},"10":{"start":{"line":1,"column":471},"end":{"line":1,"column":539}},"11":{"start":{"line":1,"column":487},"end":{"line":1,"column":539}},"12":{"start":{"line":1,"column":539},"end":{"line":1,"column":599}},"13":{"start":{"line":1,"column":556},"end":{"line":1,"column":599}},"14":{"start":{"line":1,"column":599},"end":{"line":1,"column":618}},"15":{"start":{"line":1,"column":637},"end":{"line":1,"column":653}},"16":{"start":{"line":1,"column":668},"end":{"line":1,"column":698}},"17":{"start":{"line":2,"column":18},"end":{"line":2,"column":40}},"18":{"start":{"line":3,"column":13},"end":{"line":3,"column":40}},"19":{"start":{"line":3,"column":55},"end":{"line":3,"column":85}},"20":{"start":{"line":4,"column":22},"end":{"line":4,"column":56}},"21":{"start":{"line":5,"column":24},"end":{"line":5,"column":53}},"22":{"start":{"line":5,"column":92},"end":{"line":5,"column":146}},"23":{"start":{"line":5,"column":196},"end":{"line":5,"column":295}},"24":{"start":{"line":5,"column":237},"end":{"line":5,"column":294}},"25":{"start":{"line":5,"column":345},"end":{"line":5,"column":444}},"26":{"start":{"line":5,"column":357},"end":{"line":5,"column":443}},"27":{"start":{"line":5,"column":444},"end":{"line":5,"column":530}},"28":{"start":{"line":5,"column":573},"end":{"line":5,"column":736}},"29":{"start":{"line":5,"column":635},"end":{"line":5,"column":735}},"30":{"start":{"line":5,"column":736},"end":{"line":5,"column":900}},"31":{"start":{"line":5,"column":900},"end":{"line":5,"column":1018}},"32":{"start":{"line":5,"column":916},"end":{"line":5,"column":1018}},"33":{"start":{"line":7,"column":17},"end":{"line":16,"column":51}},"34":{"start":{"line":7,"column":40},"end":{"line":7,"column":78}},"35":{"start":{"line":7,"column":137},"end":{"line":7,"column":175}},"36":{"start":{"line":7,"column":175},"end":{"line":7,"column":291}},"37":{"start":{"line":7,"column":261},"end":{"line":7,"column":290}},"38":{"start":{"line":7,"column":291},"end":{"line":12,"column":55}},"39":{"start":{"line":8,"column":34},"end":{"line":8,"column":82}},"40":{"start":{"line":10,"column":6},"end":{"line":10,"column":63}},"41":{"start":{"line":10,"column":71},"end":{"line":10,"column":81}},"42":{"start":{"line":11,"column":6},"end":{"line":11,"column":29}},"43":{"start":{"line":12,"column":56},"end":{"line":16,"column":10}},"44":{"start":{"line":15,"column":6},"end":{"line":15,"column":128}},"45":{"start":{"line":16,"column":10},"end":{"line":16,"column":32}},"46":{"start":{"line":16,"column":52},"end":{"line":19,"column":141}}},"fnMap":{"0":{"name":"(anonymous_0)","decl":{"start":{"line":1,"column":94},"end":{"line":1,"column":95}},"loc":{"start":{"line":1,"column":106},"end":{"line":1,"column":621}},"line":1},"1":{"name":"defineProperties","decl":{"start":{"line":1,"column":116},"end":{"line":1,"column":132}},"loc":{"start":{"line":1,"column":148},"end":{"line":1,"column":415}},"line":1},"2":{"name":"(anonymous_2)","decl":{"start":{"line":1,"column":422},"end":{"line":1,"column":423}},"loc":{"start":{"line":1,"column":470},"end":{"line":1,"column":619}},"line":1},"3":{"name":"_interopRequireDefault","decl":{"start":{"line":5,"column":63},"end":{"line":5,"column":85}},"loc":{"start":{"line":5,"column":91},"end":{"line":5,"column":147}},"line":5},"4":{"name":"_classCallCheck","decl":{"start":{"line":5,"column":156},"end":{"line":5,"column":171}},"loc":{"start":{"line":5,"column":195},"end":{"line":5,"column":296}},"line":5},"5":{"name":"_possibleConstructorReturn","decl":{"start":{"line":5,"column":305},"end":{"line":5,"column":331}},"loc":{"start":{"line":5,"column":344},"end":{"line":5,"column":531}},"line":5},"6":{"name":"_inherits","decl":{"start":{"line":5,"column":540},"end":{"line":5,"column":549}},"loc":{"start":{"line":5,"column":572},"end":{"line":5,"column":1019}},"line":5},"7":{"name":"(anonymous_7)","decl":{"start":{"line":7,"column":17},"end":{"line":7,"column":18}},"loc":{"start":{"line":7,"column":39},"end":{"line":16,"column":33}},"line":7},"8":{"name":"LogInContainer","decl":{"start":{"line":7,"column":87},"end":{"line":7,"column":101}},"loc":{"start":{"line":7,"column":104},"end":{"line":12,"column":56}},"line":7},"9":{"name":"(anonymous_9)","decl":{"start":{"line":8,"column":15},"end":{"line":8,"column":16}},"loc":{"start":{"line":8,"column":33},"end":{"line":8,"column":83}},"line":8},"10":{"name":"(anonymous_10)","decl":{"start":{"line":9,"column":22},"end":{"line":9,"column":23}},"loc":{"start":{"line":9,"column":34},"end":{"line":12,"column":5}},"line":9},"11":{"name":"render","decl":{"start":{"line":12,"column":119},"end":{"line":12,"column":125}},"loc":{"start":{"line":14,"column":4},"end":{"line":16,"column":5}},"line":14}},"branchMap":{"0":{"loc":{"start":{"line":1,"column":239},"end":{"line":1,"column":269}},"type":"binary-expr","locations":[{"start":{"line":1,"column":239},"end":{"line":1,"column":260}},{"start":{"line":1,"column":264},"end":{"line":1,"column":269}}],"line":1},"1":{"loc":{"start":{"line":1,"column":301},"end":{"line":1,"column":355}},"type":"if","locations":[{"start":{"line":1,"column":301},"end":{"line":1,"column":355}},{"start":{"line":1,"column":301},"end":{"line":1,"column":355}}],"line":1},"2":{"loc":{"start":{"line":1,"column":471},"end":{"line":1,"column":539}},"type":"if","locations":[{"start":{"line":1,"column":471},"end":{"line":1,"column":539}},{"start":{"line":1,"column":471},"end":{"line":1,"column":539}}],"line":1},"3":{"loc":{"start":{"line":1,"column":539},"end":{"line":1,"column":599}},"type":"if","locations":[{"start":{"line":1,"column":539},"end":{"line":1,"column":599}},{"start":{"line":1,"column":539},"end":{"line":1,"column":599}}],"line":1},"4":{"loc":{"start":{"line":5,"column":99},"end":{"line":5,"column":145}},"type":"cond-expr","locations":[{"start":{"line":5,"column":123},"end":{"line":5,"column":126}},{"start":{"line":5,"column":129},"end":{"line":5,"column":145}}],"line":5},"5":{"loc":{"start":{"line":5,"column":99},"end":{"line":5,"column":120}},"type":"binary-expr","locations":[{"start":{"line":5,"column":99},"end":{"line":5,"column":102}},{"start":{"line":5,"column":106},"end":{"line":5,"column":120}}],"line":5},"6":{"loc":{"start":{"line":5,"column":196},"end":{"line":5,"column":295}},"type":"if","locations":[{"start":{"line":5,"column":196},"end":{"line":5,"column":295}},{"start":{"line":5,"column":196},"end":{"line":5,"column":295}}],"line":5},"7":{"loc":{"start":{"line":5,"column":345},"end":{"line":5,"column":444}},"type":"if","locations":[{"start":{"line":5,"column":345},"end":{"line":5,"column":444}},{"start":{"line":5,"column":345},"end":{"line":5,"column":444}}],"line":5},"8":{"loc":{"start":{"line":5,"column":451},"end":{"line":5,"column":529}},"type":"cond-expr","locations":[{"start":{"line":5,"column":518},"end":{"line":5,"column":522}},{"start":{"line":5,"column":525},"end":{"line":5,"column":529}}],"line":5},"9":{"loc":{"start":{"line":5,"column":451},"end":{"line":5,"column":515}},"type":"binary-expr","locations":[{"start":{"line":5,"column":451},"end":{"line":5,"column":455}},{"start":{"line":5,"column":460},"end":{"line":5,"column":484}},{"start":{"line":5,"column":488},"end":{"line":5,"column":514}}],"line":5},"10":{"loc":{"start":{"line":5,"column":573},"end":{"line":5,"column":736}},"type":"if","locations":[{"start":{"line":5,"column":573},"end":{"line":5,"column":736}},{"start":{"line":5,"column":573},"end":{"line":5,"column":736}}],"line":5},"11":{"loc":{"start":{"line":5,"column":577},"end":{"line":5,"column":632}},"type":"binary-expr","locations":[{"start":{"line":5,"column":577},"end":{"line":5,"column":609}},{"start":{"line":5,"column":613},"end":{"line":5,"column":632}}],"line":5},"12":{"loc":{"start":{"line":5,"column":771},"end":{"line":5,"column":805}},"type":"binary-expr","locations":[{"start":{"line":5,"column":771},"end":{"line":5,"column":781}},{"start":{"line":5,"column":785},"end":{"line":5,"column":805}}],"line":5},"13":{"loc":{"start":{"line":5,"column":900},"end":{"line":5,"column":1018}},"type"
[...]
ducers/users.js": {"path":"/Users/David/Programming/react-starter-kit/src/reducers/users.js","statementMap":{"0":{"start":{"line":1,"column":13},"end":{"line":1,"column":75}},"1":{"start":{"line":1,"column":90},"end":{"line":1,"column":321}},"2":{"start":{"line":1,"column":126},"end":{"line":1,"column":306}},"3":{"start":{"line":1,"column":183},"end":{"line":1,"column":195}},"4":{"start":{"line":1,"column":196},"end":{"line":1,"column":305}},"5":{"start":{"line":1,"column":221},"end":{"line":1,"column":304}},"6":{"start":{"line":1,"column":277},"end":{"line":1,"column":303}},"7":{"start":{"line":1,"column":306},"end":{"line":1,"column":320}},"8":{"start":{"line":1,"column":341},"end":{"line":1,"column":373}},"9":{"start":{"line":1,"column":394},"end":{"line":1,"column":430}},"10":{"start":{"line":2,"column":13},"end":{"line":2,"column":29}},"11":{"start":{"line":2,"column":68},"end":{"line":2,"column":122}},"12":{"start":{"line":4,"column":19},"end":{"line":5,"column":12}},"13":{"start":{"line":8,"column":11},"end":{"line":15,"column":1}},"14":{"start":{"line":8,"column":40},"end":{"line":8,"column":125}},"15":{"start":{"line":8,"column":137},"end":{"line":8,"column":149}},"16":{"start":{"line":8,"column":161},"end":{"line":8,"column":170}},"17":{"start":{"line":8,"column":181},"end":{"line":8,"column":193}},"18":{"start":{"line":9,"column":2},"end":{"line":13,"column":20}},"19":{"start":{"line":11,"column":6},"end":{"line":11,"column":57}},"20":{"start":{"line":13,"column":6},"end":{"line":13,"column":19}},"21":{"start":{"line":15,"column":2},"end":{"line":18,"column":16}}},"fnMap":{"0":{"name":"(anonymous_0)","decl":{"start":{"line":1,"column":107},"end":{"line":1,"column":108}},"loc":{"start":{"line":1,"column":125},"end":{"line":1,"column":321}},"line":1},"1":{"name":"_interopRequireDefault","decl":{"start":{"line":2,"column":39},"end":{"line":2,"column":61}},"loc":{"start":{"line":2,"column":67},"end":{"line":2,"column":123}},"line":2},"2":{"name":"byId","decl":{"start":{"line":8,"column":20},"end":{"line":8,"column":24}},"loc":{"start":{"line":8,"column":27},"end":{"line":15,"column":1}},"line":8}},"branchMap":{"0":{"loc":{"start":{"line":1,"column":90},"end":{"line":1,"column":321}},"type":"binary-expr","locations":[{"start":{"line":1,"column":90},"end":{"line":1,"column":103}},{"start":{"line":1,"column":107},"end":{"line":1,"column":321}}],"line":1},"1":{"loc":{"start":{"line":1,"column":221},"end":{"line":1,"column":304}},"type":"if","locations":[{"start":{"line":1,"column":221},"end":{"line":1,"column":304}},{"start":{"line":1,"column":221},"end":{"line":1,"column":304}}],"line":1},"2":{"loc":{"start":{"line":2,"column":75},"end":{"line":2,"column":121}},"type":"cond-expr","locations":[{"start":{"line":2,"column":99},"end":{"line":2,"column":102}},{"start":{"line":2,"column":105},"end":{"line":2,"column":121}}],"line":2},"3":{"loc":{"start":{"line":2,"column":75},"end":{"line":2,"column":96}},"type":"binary-expr","locations":[{"start":{"line":2,"column":75},"end":{"line":2,"column":78}},{"start":{"line":2,"column":82},"end":{"line":2,"column":96}}],"line":2},"4":{"loc":{"start":{"line":8,"column":40},"end":{"line":8,"column":125}},"type":"cond-expr","locations":[{"start":{"line":8,"column":93},"end":{"line":8,"column":105}},{"start":{"line":8,"column":108},"end":{"line":8,"column":125}}],"line":8},"5":{"loc":{"start":{"line":8,"column":40},"end":{"line":8,"column":90}},"type":"binary-expr","locations":[{"start":{"line":8,"column":40},"end":{"line":8,"column":60}},{"start":{"line":8,"column":64},"end":{"line":8,"column":90}}],"line":8},"6":{"loc":{"start":{"line":9,"column":2},"end":{"line":13,"column":20}},"type":"switch","locations":[{"start":{"line":10,"column":4},"end":{"line":11,"column":57}},{"start":{"line":12,"column":4},"end":{"line":13,"column":19}}],"line":9}},"s":{"0":0,"1":0,"2":0,"3":0,"4":0,"5":0,"6":0,"7":0,"8":0,"9":0,"10":0,"11":0,"12":0,"13":0,"14":0,"15":0,"16":0,"17":0,"18":0,"19":0,"20":0,"21":0},"f":{"0":0,"1":0,"2":0},"b":{"0":[0,0],"1":[0,0],"2":[0,0],"3":[0,0],"4":[0,0],"5":[0,0],"6":[0,0]}}
,"/Users/David/Programming/react-starter-kit/src/store/configureStore.js": {"path":"/Users/David/Programming/react-starter-kit/src/store/configureStore.js","statementMap":{"0":{"start":{"line":1,"column":13},"end":{"line":1,"column":75}},"1":{"start":{"line":1,"column":88},"end":{"line":1,"column":104}},"2":{"start":{"line":2,"column":18},"end":{"line":2,"column":40}},"3":{"start":{"line":2,"column":60},"end":{"line":2,"column":95}},"4":{"start":{"line":3,"column":16},"end":{"line":3,"column":46}},"5":{"start":{"line":3,"column":64},"end":{"line":3,"column":97}},"6":{"start":{"line":4,"column":16},"end":{"line":4,"column":35}},"7":{"start":{"line":4,"column":53},"end":{"line":4,"column":86}},"8":{"start":{"line":5,"column":30},"end":{"line":5,"column":75}},"9":{"start":{"line":5,"column":107},"end":{"line":5,"column":154}},"10":{"start":{"line":6,"column":24},"end":{"line":6,"column":53}},"11":{"start":{"line":7,"column":14},"end":{"line":7,"column":41}},"12":{"start":{"line":7,"column":80},"end":{"line":7,"column":134}},"13":{"start":{"line":7,"column":169},"end":{"line":7,"column":320}},"14":{"start":{"line":7,"column":194},"end":{"line":7,"column":276}},"15":{"start":{"line":7,"column":258},"end":{"line":7,"column":275}},"16":{"start":{"line":7,"column":276},"end":{"line":7,"column":288}},"17":{"start":{"line":7,"column":296},"end":{"line":7,"column":319}},"18":{"start":{"line":9,"column":21},"end":{"line":27,"column":1}},"19":{"start":{"line":9,"column":66},"end":{"line":9,"column":78}},"20":{"start":{"line":9,"column":96},"end":{"line":9,"column":115}},"21":{"start":{"line":10,"column":36},"end":{"line":10,"column":98}},"22":{"start":{"line":11,"column":25},"end":{"line":17,"column":30}},"23":{"start":{"line":20,"column":14},"end":{"line":23,"column":72}},"24":{"start":{"line":26,"column":2},"end":{"line":26,"column":15}},"25":{"start":{"line":27,"column":2},"end":{"line":29,"column":15}}},"fnMap":{"0":{"name":"_interopRequireDefault","decl":{"start":{"line":7,"column":51},"end":{"line":7,"column":73}},"loc":{"start":{"line":7,"column":79},"end":{"line":7,"column":135}},"line":7},"1":{"name":"_toConsumableArray","decl":{"start":{"line":7,"column":144},"end":{"line":7,"column":162}},"loc":{"start":{"line":7,"column":168},"end":{"line":7,"column":321}},"line":7},"2":{"name":"configureStore","decl":{"start":{"line":9,"column":30},"end":{"line":9,"column":44}},"loc":{"start":{"line":9,"column":51},"end":{"line":27,"column":1}},"line":9}},"branchMap":{"0":{"loc":{"start":{"line":7,"column":87},"end":{"line":7,"column":133}},"type":"cond-expr","locations":[{"start":{"line":7,"column":111},"end":{"line":7,"column":114}},{"start":{"line":7,"column":117},"end":{"line":7,"column":133}}],"line":7},"1":{"loc":{"start":{"line":7,"column":87},"end":{"line":7,"column":108}},"type":"binary-expr","locations":[{"start":{"line":7,"column":87},"end":{"line":7,"column":90}},{"start":{"line":7,"column":94},"end":{"line":7,"column":108}}],"line":7},"2":{"loc":{"start":{"line":7,"column":169},"end":{"line":7,"column":320}},"type":"if","locations":[{"start":{"line":7,"column":169},"end":{"line":7,"column":320}},{"start":{"line":7,"column":169},"end":{"line":7,"column":320}}],"line":7},"3":{"loc":{"start":{"line":10,"column":36},"end":{"line":10,"column":98}},"type":"cond-expr","locations":[{"start":{"line":10,"column":60},"end":{"line":10,"column":93}},{"start":{"line":10,"column":96},"end":{"line":10,"column":98}}],"line":10}},"s":{"0":0,"1":0,"2":0,"3":0,"4":0,"5":0,"6":0,"7":0,"8":0,"9":0,"10":0,"11":0,"12":0,"13":0,"14":0,"15":0,"16":0,"17":0,"18":0,"19":0,"20":0,"21":0,"22":0,"23":0,"24":0,"25":0},"f":{"0":0,"1":0,"2":0},"b":{"0":[0,0],"1":[0,0],"2":[0,0],"3":[0,0]}}
,"/Users/David/Programming/react-starter-kit/src/utilities/apiHeaders.js": {"path":"/Users/David/Programming/react-starter-kit/src/utilities/apiHeaders.js","statementMap":{"0":{"start":{"line":1,"column":13},"end":{"line":1,"column":75}},"1":{"start":{"line":1,"column":90},"end":{"line":1,"column":321}},"2":{"start":{"line":1,"column":126},"end":{"line":1,"column":306}},"3":{"start":{"line":1,"column":183},"end":{"line":1,"column":195}},"4":{"start":{"line":1,"column":196},"end":{"line":1,"column":305}},"5":{"start":{"line":1,"column":221},"end":{"line":1,"column":304}},"6":{"start":{"line":1,"column":277},"end":{"line":1,"column":303}},"7":{"start":{"line":1,"column":306},"end":{"line":1,"column":320}},"8":{"start":{"line":1,"column":346},"end":{"line":1,"column":384}},"9":{"start":{"line":2,"column":32},"end":{"line":3,"column":48}},"10":{"start":{"line":2,"column":81},"end":{"line":3,"column":47}},"11":{"start":{"line":6,"column":19},"end":{"line":6,"column":74}},"12":{"start":{"line":7,"column":18},"end":{"line":9,"column":18}},"13":{"start":{"line":11,"column":18},"end":{"line":13,"column":43}},"14":{"start":{"line":11,"column":75},"end":{"line":13,"column":42}},"15":{"start":{"line":15,"column":22},"end":{"line":17,"column":43}},"16":{"start":{"line":15,"column":87},"end":{"line":17,"column":42}}},"fnMap":{"0":{"name":"(anonymous_0)","decl":{"start":{"line":1,"column":107},"end":{"line":1,"column":108}},"loc":{"start":{"line":1,"column":125},"end":{"line":1,"column":321}},"line":1},"1":{"name":"createAuthorizationHeader","decl":{"start":{"line":2,"column":41},"end":{"line":2,"column":66}},"loc":{"start":{"line":2,"column":80},"end":{"line":3,"column":48}},"line":2},"2":{"name":"authHeaders","decl":{"start":{"line":11,"column":49},"end":{"line":11,"column":60}},"loc":{"start":{"line":11,"column":74},"end":{"line":13,"column":43}},"line":11},"3":{"name":"authBodyHeaders","decl":{"start":{"line":15,"column":57},"end":{"line":15,"column":72}},"loc":{"start":{"line":15,"column":86},"end":{"line":17,"column":43}},"line":15}},"branchMap":{"0":{"loc":{"start":{"line":1,"column":90},"end":{"line":1,"column":321}},"type":"binary-expr","locations":[{"start":{"line":1,"column":90},"end":{"line":1,"column":103}},{"start":{"line":1,"column":107},"end":{"line":1,"column":321}}],"line":1},"1":{"loc":{"start":{"line":1,"column":221},"end":{"line":1,"column":304}},"type":"if","locations":[{"start":{"line":1,"column":221},"end":{"line":1,"column":304}},{"start":{"line":1,"column":221},"end":{"line":1,"column":304}}],"line":1}},"s":{"0":0,"1":0,"2":0,"3":0,"4":0,"5":0,"6":0,"7":0,"8":0,"9":0,"10":0,"11":0,"12":0,"13":0,"14":0,"15":0,"16":0},"f":{"0":0,"1":0,"2":0,"3":0},"b":{"0":[0,0],"1":[0,0]}}
,"/Users/David/Programming/react-starter-kit/src/utilities/createThunk.js": {"path":"/Users/David/Programming/react-starter-kit/src/utilities/createThunk.js","statementMap":{"0":{"start":{"line":1,"column":13},"end":{"line":1,"column":75}},"1":{"start":{"line":1,"column":93},"end":{"line":6,"column":1}},"2":{"start":{"line":1,"column":167},"end":{"line":1,"column":189}},"3":{"start":{"line":1,"column":200},"end":{"line":1,"column":212}},"4":{"start":{"line":2,"column":2},"end":{"line":5,"column":8}},"5":{"start":{"line":2,"column":28},"end":{"line":5,"column":6}},"6":{"start":{"line":3,"column":6},"end":{"line":4,"column":110}},"7":{"start":{"line":4,"column":31},"end":{"line":4,"column":107}},"8":{"start":{"line":8,"column":27},"end":{"line":13,"column":1}},"9":{"start":{"line":8,"column":120},"end":{"line":8,"column":143}},"10":{"start":{"line":8,"column":154},"end":{"line":8,"column":167}},"11":{"start":{"line":9,"column":2},"end":{"line":12,"column":8}},"12":{"start":{"line":9,"column":28},"end":{"line":12,"column":6}},"13":{"start":{"line":10,"column":6},"end":{"line":11,"column":110}},"14":{"start":{"line":11,"column":31},"end":{"line":11,"column":107}}},"fnMap":{"0":{"name":"createThunk","decl":{"start":{"line":1,"column":124},"end":{"line":1,"column":135}},"loc":{"start":{"line":1,"column":142},"end":{"line":6,"column":1}},"line":1},"1":{"name":"(anonymous_1)","decl":{"start":{"line":2,"column":9},"end":{"line":2,"column":10}},"loc":{"start":{"line":2,"column":27},"end":{"line":5,"column":7}},"line":2},"2":{"name":"(anonymous_2)","decl":{"start":{"line":2,"column":35},"end":{"line":2,"column":36}},"loc":{"start":{"line":2,"column":65},"end":{"line":5,"column":5}},"line":2},"3":{"name":"(anonymous_3)","decl":{"start":{"line":4,"column":11},"end":{"line":4,"column":12}},"loc":{"start":{"line":4,"column":30},"end":{"line":4,"column":108}},"line":4},"4":{"name":"createReduxFormThunk","decl":{"start":{"line":8,"column":67},"end":{"line":8,"column":87}},"loc":{"start":{"line":8,"column":95},"end":{"line":13,"column":1}},"line":8},"5":{"name":"(anonymous_5)","decl":{"start":{"line":9,"column":9},"end":{"line":9,"column":10}},"loc":{"start":{"line":9,"column":27},"end":{"line":12,"column":7}},"line":9},"6":{"name":"(anonymous_6)","decl":{"start":{"line":9,"column":35},"end":{"line":9,"column":36}},"loc":{"start":{"line":9,"column":65},"end":{"line":12,"column":5}},"line":9},"7":{"name":"(anonymous_7)","decl":{"start":{"line":11,"column":11},"end":{"line":11,"column":12}},"loc":{"start":{"line":11,"column":30},"end":{"line":11,"column":108}},"line":11}},"branchMap":{},"s":{"0":0,"1":0,"2":0,"3":0,"4":0,"5":0,"6":0,"7":0,"8":0,"9":0,"10":0,"11":0,"12":0,"13":0,"14":0},"f":{"0":0,"1":0,"2":0,"3":0,"4":0,"5":0,"6":0,"7":0},"b":{}}
,"/Users/David/Programming/react-starter-kit/src/utilities/localStorage.js": {"path":"/Users/David/Programming/react-starter-kit/src/utilities/localStorage.js","statementMap":{"0":{"start":{"line":1,"column":13},"end":{"line":1,"column":75}},"1":{"start":{"line":1,"column":75},"end":{"line":1,"column":166}},"2":{"start":{"line":1,"column":180},"end":{"line":1,"column":207}},"3":{"start":{"line":1,"column":251},"end":{"line":1,"column":398}},"4":{"start":{"line":1,"column":268},"end":{"line":1,"column":372}},"5":{"start":{"line":1,"column":380},"end":{"line":1,"column":397}},"6":{"start":{"line":1,"column":398},"end":{"line":1,"column":409}},"7":{"start":{"line":3,"column":22},"end":{"line":19,"column":1}},"8":{"start":{"line":3,"column":101},"end":{"line":3,"column":120}},"9":{"start":{"line":3,"column":129},"end":{"line":3,"column":139}},"10":{"start":{"line":4,"column":13},"end":{"line":5,"column":55}},"11":{"start":{"line":7,"column":18},"end":{"line":10,"column":21}},"12":{"start":{"line":14,"column":2},"end":{"line":18,"column":3}},"13":{"start":{"line":15,"column":4},"end":{"line":15,"column":61}},"14":{"start":{"line":17,"column":4},"end":{"line":17,"column":60}},"15":{"start":{"line":21,"column":23},"end":{"line":24,"column":1}},"16":{"start":{"line":22,"column":18},"end":{"line":22,"column":63}},"17":{"start":{"line":23,"column":2},"end":{"line":23,"column":48}},"18":{"start":{"line":26,"column":24},"end":{"line":28,"column":1}},"19":{"start":{"line":27,"column":2},"end":{"line":27,"column":51}}},"fnMap":{"0":{"name":"_defineProperty","decl":{"start":{"line":1,"column":217},"end":{"line":1,"column":232}},"loc":{"start":{"line":1,"column":250},"end":{"line":1,"column":410}},"line":1},"1":{"name":"setLocalStorage","decl":{"start":{"line":3,"column":57},"end":{"line":3,"column":72}},"loc":{"start":{"line":3,"column":79},"end":{"line":19,"column":1}},"line":3},"2":{"name":"readLocalStorage","decl":{"start":{"line":21,"column":59},"end":{"line":21,"column":75}},"loc":{"start":{"line":21,"column":78},"end":{"line":24,"column":1}},"line":21},"3":{"name":"clearLocalStorage","decl":{"start":{"line":26,"column":61},"end":{"line":26,"column":78}},"loc":{"start":{"line":26,"column":81},"end":{"line":28,"column":1}},"line":26}},"branchMap":{"0":{"loc":{"start":{"line":1,"column":251},"end":{"line":1,"column":398}},"type":"if","locations":[{"start":{"line":1,"column":251},"end":{"line":1,"column":398}},{"start":{"line":1,"column":251},"end":{"line":1,"column":398}}],"line":1},"1":{"loc":{"start":{"line":23,"column":9},"end":{"line":23,"column":47}},"type":"cond-expr","locations":[{"start":{"line":23,"column":21},"end":{"line":23,"column":42}},{"start":{"line":23,"column":45},"end":{"line":23,"column":47}}],"line":23}},"s":{"0":0,"1":0,"2":0,"3":0,"4":0,"5":0,"6":0,"7":0,"8":0,"9":0,"10":0,"11":0,"12":0,"13":0,"14":0,"15":0,"16":0,"17":0,"18":0,"19":0},"f":{"0":0,"1":0,"2":0,"3":0},"b":{"0":[0,0],"1":[0,0]}}
,"/Users/David/Programming/react-starter-kit/src/utilities/normalizers.js": {"path":"/Users/David/Programming/react-starter-kit/src/utilities/normalizers.js","statementMap":{"0":{"start":{"line":1,"column":13},"end":{"line":1,"column":75}},"1":{"start":{"line":1,"column":75},"end":{"line":1,"column":119}},"2":{"start":{"line":1,"column":136},"end":{"line":1,"column":156}},"3":{"start":{"line":2,"column":13},"end":{"line":2,"column":29}},"4":{"start":{"line":4,"column":17},"end":{"line":4,"column":54}},"5":{"start":{"line":5,"column":27},"end":{"line":6,"column":21}},"6":{"start":{"line":9,"column":30},"end":{"line":12,"column":1}},"7":{"start":{"line":10,"column":22},"end":{"line":10,"column":52}},"8":{"start":{"line":11,"column":2},"end":{"line":11,"column":72}}},"fnMap":{"0":{"name":"normalizeAuthentication","decl":{"start":{"line":9,"column":73},"end":{"line":9,"column":96}},"loc":{"start":{"line":9,"column":103},"end":{"line":12,"column":1}},"line":9}},"branchMap":{},"s":{"0":0,"1":0,"2":0,"3":0,"4":0,"5":0,"6":0,"7":0,"8":0},"f":{"0":0},"b":{}}
,"/Users/David/Programming/react-starter-kit/src/utilities/selectors.js": {"path":"/Users/David/Programming/react-starter-kit/src/utilities/selectors.js","statementMap":{"0":{"start":{"line":1,"column":13},"end":{"line":1,"column":75}},"1":{"start":{"line":1,"column":93},"end":{"line":1,"column":196}},"2":{"start":{"line":1,"column":144},"end":{"line":1,"column":195}}},"fnMap":{"0":{"name":"currentUser","decl":{"start":{"line":1,"column":124},"end":{"line":1,"column":135}},"loc":{"start":{"line":1,"column":143},"end":{"line":1,"column":196}},"line":1}},"branchMap":{},"s":{"0":0,"1":0,"2":0},"f":{"0":0},"b":{}}
,"/Users/David/Programming/react-starter-kit/src/utilities/validations.js": {"path":"/Users/David/Programming/react-starter-kit/src/utilities/validations.js","statementMap":{"0":{"start":{"line":1,"column":13},"end":{"line":1,"column":75}},"1":{"start":{"line":1,"column":90},"end":{"line":1,"column":174}},"2":{"start":{"line":1,"column":135},"end":{"line":1,"column":173}},"3":{"start":{"line":2,"column":20},"end":{"line":4,"column":5}},"4":{"start":{"line":2,"column":64},"end":{"line":4,"column":4}},"5":{"start":{"line":3,"column":4},"end":{"line":3,"column":124}},"6":{"start":{"line":5,"column":21},"end":{"line":5,"column":62}}},"fnMap":{"0":{"name":"required","decl":{"start":{"line":1,"column":118},"end":{"line":1,"column":126}},"loc":{"start":{"line":1,"column":134},"end":{"line":1,"column":174}},"line":1},"1":{"name":"minimumLength","decl":{"start":{"line":2,"column":29},"end":{"line":2,"column":42}},"loc":{"start":{"line":2,"column":63},"end":{"line":4,"column":5}},"line":2},"2":{"name":"(anonymous_2)","decl":{"start":{"line":2,"column":71},"end":{"line":2,"column":72}},"loc":{"start":{"line":2,"column":88},"end":{"line":4,"column":3}},"line":2}},"branchMap":{"0":{"loc":{"start":{"line":1,"column":142},"end":{"line":1,"column":172}},"type":"cond-expr","locations":[{"start":{"line":1,"column":150},"end":{"line":1,"column":159}},{"start":{"line":1,"column":162},"end":{"line":1,"column":172}}],"line":1},"1":{"loc":{"start":{"line":3,"column":11},"end":{"line":3,"column":123}},"type":"cond-expr","locations":[{"start":{"line":3,"column":56},"end":{"line":3,"column":111}},{"start":{"line":3,"column":114},"end":{"line":3,"column":123}}],"line":3},"2":{"loc":{"start":{"line":3,"column":11},"end":{"line":3,"column":53}},"type":"binary-expr","locations":[{"start":{"line":3,"column":11},"end":{"line":3,"column":16}},{"start":{"line":3,"column":20},"end":{"line":3,"column":53}}],"line":3}},"s":{"0":0,"1":0,"2":0,"3":0,"4":0,"5":0,"6":0},"f":{"0":0,"1":0,"2":0},"b":{"0":[0,0],"1":[0,0],"2":[0,0]}}
}
