TN:
SF:/Users/David/Programming/react-starter-kit/src/main.js
FN:6,_interopRequireDefault
FNF:1
FNH:0
FNDA:0,_interopRequireDefault
DA:1,0
DA:2,0
DA:3,0
DA:4,0
DA:5,0
DA:6,0
DA:8,0
DA:9,0
DA:10,0
DA:12,0
LF:10
LH:0
BRDA:6,0,0,0
BRDA:6,0,1,0
BRDA:6,1,0,0
BRDA:6,1,1,0
BRF:4
BRH:0
end_of_record
TN:
SF:/Users/David/Programming/react-starter-kit/src/api/backendAPI/authentications.js
FN:5,_interopRequireDefault
FN:5,_asyncToGenerator
FN:5,(anonymous_2)
FN:5,(anonymous_3)
FN:5,step
FN:5,(anonymous_5)
FN:5,(anonymous_6)
FN:7,(anonymous_7)
FN:7,_callee
FN:7,_callee$
FN:16,json
FN:25,create
FNF:12
FNH:0
FNDA:0,_interopRequireDefault
FNDA:0,_asyncToGenerator
FNDA:0,(anonymous_2)
FNDA:0,(anonymous_3)
FNDA:0,step
FNDA:0,(anonymous_5)
FNDA:0,(anonymous_6)
FNDA:0,(anonymous_7)
FNDA:0,_callee
FNDA:0,_callee$
FNDA:0,json
FNDA:0,create
DA:1,0
DA:2,0
DA:5,0
DA:7,0
DA:14,0
DA:16,0
DA:19,0
DA:20,0
DA:21,0
DA:22,0
DA:23,0
DA:24,0
DA:25,0
LF:13
LH:0
BRDA:5,0,0,0
BRDA:5,0,1,0
BRDA:5,1,0,0
BRDA:5,1,1,0
BRDA:5,2,0,0
BRDA:5,2,1,0
BRDA:7,3,0,0
BRDA:7,3,1,0
BRDA:7,3,2,0
BRDA:7,3,3,0
BRDA:7,3,4,0
BRDA:7,3,5,0
BRDA:19,4,0,0
BRDA:19,4,1,0
BRDA:22,5,0,0
BRDA:22,5,1,0
BRF:16
BRH:0
end_of_record
TN:
SF:/Users/David/Programming/react-starter-kit/src/api/backendAPI/index.js
FN:1,_interopRequireWildcard
FNF:1
FNH:0
FNDA:0,_interopRequireWildcard
DA:1,0
LF:1
LH:0
BRDA:1,0,0,0
BRDA:1,0,1,0
BRDA:1,1,0,0
BRDA:1,1,1,0
BRDA:1,2,0,0
BRDA:1,2,1,0
BRDA:1,3,0,0
BRDA:1,3,1,0
BRF:8
BRH:0
end_of_record
TN:
SF:/Users/David/Programming/react-starter-kit/src/components/App/index.js
FN:7,_interopRequireDefault
FN:9,App
FNF:2
FNH:0
FNDA:0,_interopRequireDefault
FNDA:0,App
DA:1,0
DA:2,0
DA:3,0
DA:4,0
DA:5,0
DA:6,0
DA:7,0
DA:9,0
DA:13,0
LF:9
LH:0
BRDA:7,0,0,0
BRDA:7,0,1,0
BRDA:7,1,0,0
BRDA:7,1,1,0
BRF:4
BRH:0
end_of_record
TN:
SF:/Users/David/Programming/react-starter-kit/src/components/Form/TextField/index.js
FN:1,(anonymous_0)
FN:10,_interopRequireDefault
FN:10,ErrorOrWarning
FN:10,TextField
FNF:4
FNH:0
FNDA:0,(anonymous_0)
FNDA:0,_interopRequireDefault
FNDA:0,ErrorOrWarning
FNDA:0,TextField
DA:1,0
DA:10,0
DA:11,0
LF:3
LH:0
BRDA:1,0,0,0
BRDA:1,0,1,0
BRDA:1,1,0,0
BRDA:1,1,1,0
BRDA:10,2,0,0
BRDA:10,2,1,0
BRDA:10,3,0,0
BRDA:10,3,1,0
BRDA:10,4,0,0
BRDA:10,4,1,0
BRDA:10,5,0,0
BRDA:10,5,1,0
BRDA:10,6,0,0
BRDA:10,6,1,0
BRF:14
BRH:0
end_of_record
TN:
SF:/Users/David/Programming/react-starter-kit/src/components/Header/index.js
FN:3,_interopRequireDefault
FN:5,Header
FNF:2
FNH:0
FNDA:0,_interopRequireDefault
FNDA:0,Header
DA:1,0
DA:2,0
DA:3,0
DA:5,0
DA:29,0
LF:5
LH:0
BRDA:3,0,0,0
BRDA:3,0,1,0
BRDA:3,1,0,0
BRDA:3,1,1,0
BRDA:27,2,0,0
BRDA:27,2,1,0
BRF:6
BRH:0
end_of_record
TN:
SF:/Users/David/Programming/react-starter-kit/src/components/Layout/index.js
FN:4,_interopRequireDefault
FN:6,Layout
FNF:2
FNH:0
FNDA:0,_interopRequireDefault
FNDA:0,Layout
DA:1,0
DA:2,0
DA:3,0
DA:4,0
DA:6,0
DA:16,0
DA:17,0
LF:7
LH:0
BRDA:4,0,0,0
BRDA:4,0,1,0
BRDA:4,1,0,0
BRDA:4,1,1,0
BRDA:12,2,0,0
BRDA:12,2,1,0
BRF:6
BRH:0
end_of_record
TN:
SF:/Users/David/Programming/react-starter-kit/src/components/LogIn/index.js
FN:1,(anonymous_0)
FN:4,_interopRequireDefault
FN:6,LogIn
FNF:3
FNH:0
FNDA:0,(anonymous_0)
FNDA:0,_interopRequireDefault
FNDA:0,LogIn
DA:1,0
DA:2,0
DA:3,0
DA:4,0
DA:6,0
DA:30,0
LF:6
LH:0
BRDA:1,0,0,0
BRDA:1,0,1,0
BRDA:1,1,0,0
BRDA:1,1,1,0
BRDA:4,2,0,0
BRDA:4,2,1,0
BRDA:4,3,0,0
BRDA:4,3,1,0
BRF:8
BRH:0
end_of_record
TN:
SF:/Users/David/Programming/react-starter-kit/src/components/Private/index.js
FN:1,_interopRequireDefault
FN:3,Private
FNF:2
FNH:0
FNDA:0,_interopRequireDefault
FNDA:0,Private
DA:1,0
DA:3,0
LF:2
LH:0
BRDA:1,0,0,0
BRDA:1,0,1,0
BRDA:1,1,0,0
BRDA:1,1,1,0
BRF:4
BRH:0
end_of_record
TN:
SF:/Users/David/Programming/react-starter-kit/src/components/Root/index.js
FN:4,_interopRequireDefault
FN:6,Root
FNF:2
FNH:0
FNDA:0,_interopRequireDefault
FNDA:0,Root
DA:1,0
DA:2,0
DA:3,0
DA:4,0
DA:6,0
DA:14,0
DA:15,0
LF:7
LH:0
BRDA:4,0,0,0
BRDA:4,0,1,0
BRDA:4,1,0,0
BRDA:4,1,1,0
BRF:4
BRH:0
end_of_record
TN:
SF:/Users/David/Programming/react-starter-kit/src/constants/actionTypes.js
FN:1,(anonymous_0)
FN:1,_defineProperty
FN:5,(anonymous_2)
FNF:3
FNH:0
FNDA:0,(anonymous_0)
FNDA:0,_defineProperty
FNDA:0,(anonymous_2)
DA:1,0
DA:6,0
DA:7,0
DA:8,0
DA:9,0
DA:17,0
LF:6
LH:0
BRDA:1,0,0,0
BRDA:1,0,1,0
BRDA:1,1,0,0
BRDA:1,1,1,0
BRDA:1,2,0,0
BRDA:1,2,1,0
BRDA:6,3,0,0
BRDA:6,3,1,0
BRF:8
BRH:0
end_of_record
TN:
SF:/Users/David/Programming/react-starter-kit/src/constants/values.js
FNF:0
FNH:0
DA:1,0
DA:2,0
DA:3,0
DA:4,0
DA:5,0
DA:6,0
LF:6
LH:0
BRF:0
BRH:0
end_of_record
TN:
SF:/Users/David/Programming/react-starter-kit/src/containers/AuthRoute.js
FN:1,(anonymous_0)
FN:1,(anonymous_1)
FN:1,defineProperties
FN:1,(anonymous_3)
FN:5,_interopRequireDefault
FN:5,_classCallCheck
FN:5,_possibleConstructorReturn
FN:5,_inherits
FN:7,(anonymous_8)
FN:7,AuthenticationContainer
FN:7,componentWillReceiveProps
FN:12,componentDidMount
FN:18,render
FN:25,mapStateToProps
FN:30,(anonymous_14)
FN:30,AuthRoute
FN:38,(anonymous_16)
FN:45,render
FNF:18
FNH:0
FNDA:0,(anonymous_0)
FNDA:0,(anonymous_1)
FNDA:0,defineProperties
FNDA:0,(anonymous_3)
FNDA:0,_interopRequireDefault
FNDA:0,_classCallCheck
FNDA:0,_possibleConstructorReturn
FNDA:0,_inherits
FNDA:0,(anonymous_8)
FNDA:0,AuthenticationContainer
FNDA:0,componentWillReceiveProps
FNDA:0,componentDidMount
FNDA:0,render
FNDA:0,mapStateToProps
FNDA:0,(anonymous_14)
FNDA:0,AuthRoute
FNDA:0,(anonymous_16)
FNDA:0,render
DA:1,0
DA:2,0
DA:3,0
DA:4,0
DA:5,0
DA:7,0
DA:9,0
DA:10,0
DA:15,0
DA:16,0
DA:21,0
DA:22,0
DA:23,0
DA:25,0
DA:28,0
DA:30,0
DA:39,0
DA:45,0
DA:48,0
DA:49,0
DA:50,0
DA:51,0
LF:22
LH:0
BRDA:1,0,0,0
BRDA:1,0,1,0
BRDA:1,1,0,0
BRDA:1,1,1,0
BRDA:1,2,0,0
BRDA:1,2,1,0
BRDA:1,3,0,0
BRDA:1,3,1,0
BRDA:1,4,0,0
BRDA:1,4,1,0
BRDA:1,5,0,0
BRDA:1,5,1,0
BRDA:5,6,0,0
BRDA:5,6,1,0
BRDA:5,7,0,0
BRDA:5,7,1,0
BRDA:5,8,0,0
BRDA:5,8,1,0
BRDA:5,9,0,0
BRDA:5,9,1,0
BRDA:5,10,0,0
BRDA:5,10,1,0
BRDA:5,11,0,0
BRDA:5,11,1,0
BRDA:5,11,2,0
BRDA:5,12,0,0
BRDA:5,12,1,0
BRDA:5,13,0,0
BRDA:5,13,1,0
BRDA:5,14,0,0
BRDA:5,14,1,0
BRDA:5,15,0,0
BRDA:5,15,1,0
BRDA:5,16,0,0
BRDA:5,16,1,0
BRDA:7,17,0,0
BRDA:7,17,1,0
BRDA:9,18,0,0
BRDA:9,18,1,0
BRDA:15,19,0,0
BRDA:15,19,1,0
BRDA:22,20,0,0
BRDA:22,20,1,0
BRDA:30,21,0,0
BRDA:30,21,1,0
BRF:45
BRH:0
end_of_record
TN:
SF:/Users/David/Programming/react-starter-kit/src/containers/DevTools.js
FN:4,_interopRequireDefault
FNF:1
FNH:0
FNDA:0,_interopRequireDefault
DA:1,0
DA:2,0
DA:3,0
DA:4,0
LF:4
LH:0
BRDA:4,0,0,0
BRDA:4,0,1,0
BRDA:4,1,0,0
BRDA:4,1,1,0
BRF:4
BRH:0
end_of_record
TN:
SF:/Users/David/Programming/react-starter-kit/src/containers/HeaderContainer.js
FN:1,(anonymous_0)
FN:1,defineProperties
FN:1,(anonymous_2)
FN:5,_interopRequireDefault
FN:5,_classCallCheck
FN:5,_possibleConstructorReturn
FN:5,_inherits
FN:7,(anonymous_7)
FN:7,HeaderContainer
FN:8,(anonymous_9)
FN:10,render
FN:17,mapStateToProps
FNF:12
FNH:0
FNDA:0,(anonymous_0)
FNDA:0,defineProperties
FNDA:0,(anonymous_2)
FNDA:0,_interopRequireDefault
FNDA:0,_classCallCheck
FNDA:0,_possibleConstructorReturn
FNDA:0,_inherits
FNDA:0,(anonymous_7)
FNDA:0,HeaderContainer
FNDA:0,(anonymous_9)
FNDA:0,render
FNDA:0,mapStateToProps
DA:1,0
DA:2,0
DA:3,0
DA:4,0
DA:5,0
DA:7,0
DA:9,0
DA:10,0
DA:13,0
DA:14,0
DA:17,0
DA:18,0
LF:12
LH:0
BRDA:1,0,0,0
BRDA:1,0,1,0
BRDA:1,1,0,0
BRDA:1,1,1,0
BRDA:1,2,0,0
BRDA:1,2,1,0
BRDA:1,3,0,0
BRDA:1,3,1,0
BRDA:5,4,0,0
BRDA:5,4,1,0
BRDA:5,5,0,0
BRDA:5,5,1,0
BRDA:5,6,0,0
BRDA:5,6,1,0
BRDA:5,7,0,0
BRDA:5,7,1,0
BRDA:5,8,0,0
BRDA:5,8,1,0
BRDA:5,9,0,0
BRDA:5,9,1,0
BRDA:5,9,2,0
BRDA:5,10,0,0
BRDA:5,10,1,0
BRDA:5,11,0,0
BRDA:5,11,1,0
BRDA:5,12,0,0
BRDA:5,12,1,0
BRDA:5,13,0,0
BRDA:5,13,1,0
BRDA:5,14,0,0
BRDA:5,14,1,0
BRDA:7,15,0,0
BRDA:7,15,1,0
BRF:33
BRH:0
end_of_record
TN:
SF:/Users/David/Programming/react-starter-kit/src/containers/HomeContainer.js
FN:1,(anonymous_0)
FN:1,defineProperties
FN:1,(anonymous_2)
FN:3,_interopRequireDefault
FN:3,_classCallCheck
FN:3,_possibleConstructorReturn
FN:3,_inherits
FN:5,(anonymous_7)
FN:5,HomeContainer
FN:5,render
FN:17,mapStateToProps
FNF:11
FNH:0
FNDA:0,(anonymous_0)
FNDA:0,defineProperties
FNDA:0,(anonymous_2)
FNDA:0,_interopRequireDefault
FNDA:0,_classCallCheck
FNDA:0,_possibleConstructorReturn
FNDA:0,_inherits
FNDA:0,(anonymous_7)
FNDA:0,HomeContainer
FNDA:0,render
FNDA:0,mapStateToProps
DA:1,0
DA:2,0
DA:3,0
DA:5,0
DA:7,0
DA:14,0
DA:17,0
DA:18,0
LF:8
LH:0
BRDA:1,0,0,0
BRDA:1,0,1,0
BRDA:1,1,0,0
BRDA:1,1,1,0
BRDA:1,2,0,0
BRDA:1,2,1,0
BRDA:1,3,0,0
BRDA:1,3,1,0
BRDA:3,4,0,0
BRDA:3,4,1,0
BRDA:3,5,0,0
BRDA:3,5,1,0
BRDA:3,6,0,0
BRDA:3,6,1,0
BRDA:3,7,0,0
BRDA:3,7,1,0
BRDA:3,8,0,0
BRDA:3,8,1,0
BRDA:3,9,0,0
BRDA:3,9,1,0
BRDA:3,9,2,0
BRDA:3,10,0,0
BRDA:3,10,1,0
BRDA:3,11,0,0
BRDA:3,11,1,0
BRDA:3,12,0,0
BRDA:3,12,1,0
BRDA:3,13,0,0
BRDA:3,13,1,0
BRDA:3,14,0,0
BRDA:3,14,1,0
BRDA:5,15,0,0
BRDA:5,15,1,0
BRDA:10,16,0,0
BRDA:10,16,1,0
BRF:35
BRH:0
end_of_record
TN:
SF:/Users/David/Programming/react-starter-kit/src/containers/LogInContainer.js
FN:1,(anonymous_0)
FN:1,defineProperties
FN:1,(anonymous_2)
FN:5,_interopRequireDefault
FN:5,_classCallCheck
FN:5,_possibleConstructorReturn
FN:5,_inherits
FN:7,(anonymous_7)
FN:7,LogInContainer
FN:8,(anonymous_9)
FN:9,(anonymous_10)
FN:12,render
FNF:12
FNH:0
FNDA:0,(anonymous_0)
FNDA:0,defineProperties
FNDA:0,(anonymous_2)
FNDA:0,_interopRequireDefault
FNDA:0,_classCallCheck
FNDA:0,_possibleConstructorReturn
FNDA:0,_inherits
FNDA:0,(anonymous_7)
FNDA:0,LogInContainer
FNDA:0,(anonymous_9)
FNDA:0,(anonymous_10)
FNDA:0,render
DA:1,0
DA:2,0
DA:3,0
DA:4,0
DA:5,0
DA:7,0
DA:8,0
DA:10,0
DA:11,0
DA:12,0
DA:15,0
DA:16,0
LF:12
LH:0
BRDA:1,0,0,0
BRDA:1,0,1,0
BRDA:1,1,0,0
BRDA:1,1,1,0
BRDA:1,2,0,0
BRDA:1,2,1,0
BRDA:1,3,0,0
BRDA:1,3,1,0
BRDA:5,4,0,0
BRDA:5,4,1,0
BRDA:5,5,0,0
BRDA:5,5,1,0
BRDA:5,6,0,0
BRDA:5,6,1,0
BRDA:5,7,0,0
BRDA:5,7,1,0
BRDA:5,8,0,0
BRDA:5,8,1,0
BRDA:5,9,0,0
BRDA:5,9,1,0
BRDA:5,9,2,0
BRDA:5,10,0,0
BRDA:5,10,1,0
BRDA:5,11,0,0
BRDA:5,11,1,0
BRDA:5,12,0,0
BRDA:5,12,1,0
BRDA:5,13,0,0
BRDA:5,13,1,0
BRDA:5,14,0,0
BRDA:5,14,1,0
BRDA:7,15,0,0
BRDA:7,15,1,0
BRDA:10,16,0,0
BRDA:10,16,1,0
BRF:35
BRH:0
end_of_record
TN:
SF:/Users/David/Programming/react-starter-kit/src/featureTests/testHelper.js
FN:1,_interopRequireDefault
FN:3,(anonymous_1)
FNF:2
FNH:0
FNDA:0,_interopRequireDefault
FNDA:0,(anonymous_1)
DA:1,0
DA:3,0
DA:4,0
DA:8,0
DA:9,0
DA:13,0
LF:6
LH:0
BRDA:1,0,0,0
BRDA:1,0,1,0
BRDA:1,1,0,0
BRDA:1,1,1,0
BRF:4
BRH:0
end_of_record
TN:
SF:/Users/David/Programming/react-starter-kit/src/featureTests/support/Page.js
FN:1,(anonymous_0)
FN:1,defineProperties
FN:1,(anonymous_2)
FN:5,_interopRequireDefault
FN:5,_classCallCheck
FN:7,checkOnlyOneNode
FN:13,(anonymous_6)
FN:14,Page
FN:20,afterPromisesResolve
FN:23,(anonymous_9)
FN:24,currentPath
FN:28,destroy
FN:33,content
FN:37,outputHtml
FN:42,findElement
FN:45,(anonymous_15)
FN:50,(anonymous_16)
FN:51,(anonymous_17)
FN:59,findButton
FN:63,findCheckbox
FN:67,findInput
FN:71,findLink
FN:75,findOption
FN:79,findRadio
FN:83,findSelect
FN:87,findTextArea
FN:91,check
FN:105,choose
FN:119,clickLink
FN:125,fillIn
FN:134,select
FN:139,(anonymous_31)
FN:149,clickButton
FN:158,blurLastTouchedElement
FNF:34
FNH:0
FNDA:0,(anonymous_0)
FNDA:0,defineProperties
FNDA:0,(anonymous_2)
FNDA:0,_interopRequireDefault
FNDA:0,_classCallCheck
FNDA:0,checkOnlyOneNode
FNDA:0,(anonymous_6)
FNDA:0,Page
FNDA:0,afterPromisesResolve
FNDA:0,(anonymous_9)
FNDA:0,currentPath
FNDA:0,destroy
FNDA:0,content
FNDA:0,outputHtml
FNDA:0,findElement
FNDA:0,(anonymous_15)
FNDA:0,(anonymous_16)
FNDA:0,(anonymous_17)
FNDA:0,findButton
FNDA:0,findCheckbox
FNDA:0,findInput
FNDA:0,findLink
FNDA:0,findOption
FNDA:0,findRadio
FNDA:0,findSelect
FNDA:0,findTextArea
FNDA:0,check
FNDA:0,choose
FNDA:0,clickLink
FNDA:0,fillIn
FNDA:0,select
FNDA:0,(anonymous_31)
FNDA:0,clickButton
FNDA:0,blurLastTouchedElement
DA:1,0
DA:2,0
DA:3,0
DA:4,0
DA:5,0
DA:7,0
DA:8,0
DA:9,0
DA:13,0
DA:14,0
DA:15,0
DA:16,0
DA:17,0
DA:18,0
DA:19,0
DA:20,0
DA:23,0
DA:27,0
DA:31,0
DA:32,0
DA:36,0
DA:41,0
DA:44,0
DA:45,0
DA:46,0
DA:47,0
DA:48,0
DA:50,0
DA:51,0
DA:54,0
DA:57,0
DA:61,0
DA:62,0
DA:65,0
DA:66,0
DA:69,0
DA:70,0
DA:73,0
DA:74,0
DA:77,0
DA:78,0
DA:81,0
DA:82,0
DA:85,0
DA:86,0
DA:89,0
DA:90,0
DA:94,0
DA:95,0
DA:96,0
DA:97,0
DA:98,0
DA:108,0
DA:109,0
DA:110,0
DA:111,0
DA:112,0
DA:122,0
DA:123,0
DA:124,0
DA:128,0
DA:129,0
DA:130,0
DA:131,0
DA:132,0
DA:133,0
DA:137,0
DA:138,0
DA:139,0
DA:140,0
DA:142,0
DA:143,0
DA:146,0
DA:147,0
DA:148,0
DA:152,0
DA:153,0
DA:154,0
DA:155,0
DA:156,0
DA:157,0
DA:161,0
DA:162,0
DA:163,0
DA:165,0
DA:166,0
LF:86
LH:0
BRDA:1,0,0,0
BRDA:1,0,1,0
BRDA:1,1,0,0
BRDA:1,1,1,0
BRDA:1,2,0,0
BRDA:1,2,1,0
BRDA:1,3,0,0
BRDA:1,3,1,0
BRDA:5,4,0,0
BRDA:5,4,1,0
BRDA:5,5,0,0
BRDA:5,5,1,0
BRDA:5,6,0,0
BRDA:5,6,1,0
BRDA:8,7,0,0
BRDA:8,7,1,0
BRDA:14,8,0,0
BRDA:14,8,1,0
BRDA:14,9,0,0
BRDA:14,9,1,0
BRDA:44,10,0,0
BRDA:44,10,1,0
BRDA:44,11,0,0
BRDA:44,11,1,0
BRDA:46,12,0,0
BRDA:46,12,1,0
BRDA:50,13,0,0
BRDA:50,13,1,0
BRDA:61,14,0,0
BRDA:61,14,1,0
BRDA:61,15,0,0
BRDA:61,15,1,0
BRDA:65,16,0,0
BRDA:65,16,1,0
BRDA:65,17,0,0
BRDA:65,17,1,0
BRDA:69,18,0,0
BRDA:69,18,1,0
BRDA:69,19,0,0
BRDA:69,19,1,0
BRDA:73,20,0,0
BRDA:73,20,1,0
BRDA:73,21,0,0
BRDA:73,21,1,0
BRDA:77,22,0,0
BRDA:77,22,1,0
BRDA:77,23,0,0
BRDA:77,23,1,0
BRDA:81,24,0,0
BRDA:81,24,1,0
BRDA:81,25,0,0
BRDA:81,25,1,0
BRDA:85,26,0,0
BRDA:85,26,1,0
BRDA:85,27,0,0
BRDA:85,27,1,0
BRDA:89,28,0,0
BRDA:89,28,1,0
BRDA:89,29,0,0
BRDA:89,29,1,0
BRDA:102,30,0,0
BRDA:102,30,1,0
BRDA:116,31,0,0
BRDA:116,31,1,0
BRDA:129,32,0,0
BRDA:129,32,1,0
BRDA:140,33,0,0
BRDA:140,33,1,0
BRDA:142,34,0,0
BRDA:142,34,1,0
BRDA:161,35,0,0
BRDA:161,35,1,0
BRF:72
BRH:0
end_of_record
TN:
SF:/Users/David/Programming/react-starter-kit/src/featureTests/support/createObjectFromFixture.js
FN:1,createObjectFromFixture
FNF:1
FNH:0
FNDA:0,createObjectFromFixture
DA:1,0
DA:2,0
DA:3,0
DA:4,0
DA:5,0
LF:5
LH:0
BRF:0
BRH:0
end_of_record
TN:
SF:/Users/David/Programming/react-starter-kit/src/featureTests/support/mockFetch.js
FN:3,mockFetch
FN:4,(anonymous_1)
FN:7,(anonymous_2)
FNF:3
FNH:0
FNDA:0,mockFetch
FNDA:0,(anonymous_1)
FNDA:0,(anonymous_2)
DA:1,0
DA:3,0
DA:4,0
DA:5,0
DA:6,0
DA:7,0
DA:8,0
DA:9,0
DA:11,0
LF:9
LH:0
BRDA:5,0,0,0
BRDA:5,0,1,0
BRDA:6,1,0,0
BRDA:6,1,1,0
BRDA:8,2,0,0
BRDA:8,2,1,0
BRF:6
BRH:0
end_of_record
TN:
SF:/Users/David/Programming/react-starter-kit/src/featureTests/support/responseCreators.js
FN:1,_interopRequireDefault
FN:3,createOkResponse
FN:14,createNoContentResponse
FNF:3
FNH:0
FNDA:0,_interopRequireDefault
FNDA:0,createOkResponse
FNDA:0,createNoContentResponse
DA:1,0
DA:3,0
DA:4,0
DA:5,0
DA:6,0
DA:11,0
DA:14,0
DA:15,0
DA:19,0
LF:9
LH:0
BRDA:1,0,0,0
BRDA:1,0,1,0
BRDA:1,1,0,0
BRDA:1,1,1,0
BRF:4
BRH:0
end_of_record
TN:
SF:/Users/David/Programming/react-starter-kit/src/middlewares/localStorageMiddleware.js
FN:2,_interopRequireDefault
FN:4,(anonymous_1)
FN:4,(anonymous_2)
FN:4,(anonymous_3)
FNF:4
FNH:0
FNDA:0,_interopRequireDefault
FNDA:0,(anonymous_1)
FNDA:0,(anonymous_2)
FNDA:0,(anonymous_3)
DA:1,0
DA:2,0
DA:4,0
DA:5,0
DA:6,0
DA:7,0
DA:9,0
DA:10,0
DA:12,0
LF:9
LH:0
BRDA:2,0,0,0
BRDA:2,0,1,0
BRDA:2,1,0,0
BRDA:2,1,1,0
BRDA:6,2,0,0
BRDA:6,2,1,0
BRDA:9,3,0,0
BRDA:9,3,1,0
BRF:8
BRH:0
end_of_record
TN:
SF:/Users/David/Programming/react-starter-kit/src/reducers/authentication.js
FN:3,_interopRequireDefault
FN:10,deleteAuthentication
FN:16,authentication
FNF:3
FNH:0
FNDA:0,_interopRequireDefault
FNDA:0,deleteAuthentication
FNDA:0,authentication
DA:1,0
DA:2,0
DA:3,0
DA:5,0
DA:10,0
DA:11,0
DA:16,0
DA:17,0
DA:19,0
DA:21,0
DA:23,0
DA:25,0
LF:12
LH:0
BRDA:3,0,0,0
BRDA:3,0,1,0
BRDA:3,1,0,0
BRDA:3,1,1,0
BRDA:16,2,0,0
BRDA:16,2,1,0
BRDA:16,3,0,0
BRDA:16,3,1,0
BRDA:17,4,0,0
BRDA:17,4,1,0
BRDA:17,4,2,0
BRF:11
BRH:0
end_of_record
TN:
SF:/Users/David/Programming/react-starter-kit/src/reducers/index.js
FN:5,_interopRequireDefault
FNF:1
FNH:0
FNDA:0,_interopRequireDefault
DA:1,0
DA:2,0
DA:3,0
DA:4,0
DA:5,0
DA:7,0
DA:11,0
LF:7
LH:0
BRDA:5,0,0,0
BRDA:5,0,1,0
BRDA:5,1,0,0
BRDA:5,1,1,0
BRF:4
BRH:0
end_of_record
TN:
SF:/Users/David/Programming/react-starter-kit/src/reducers/users.js
FN:1,(anonymous_0)
FN:2,_interopRequireDefault
FN:8,byId
FNF:3
FNH:0
FNDA:0,(anonymous_0)
FNDA:0,_interopRequireDefault
FNDA:0,byId
DA:1,0
DA:2,0
DA:4,0
DA:8,0
DA:9,0
DA:11,0
DA:13,0
DA:15,0
LF:8
LH:0
BRDA:1,0,0,0
BRDA:1,0,1,0
BRDA:1,1,0,0
BRDA:1,1,1,0
BRDA:2,2,0,0
BRDA:2,2,1,0
BRDA:2,3,0,0
BRDA:2,3,1,0
BRDA:8,4,0,0
BRDA:8,4,1,0
BRDA:8,5,0,0
BRDA:8,5,1,0
BRDA:9,6,0,0
BRDA:9,6,1,0
BRF:14
BRH:0
end_of_record
TN:
SF:/Users/David/Programming/react-starter-kit/src/store/configureStore.js
FN:7,_interopRequireDefault
FN:7,_toConsumableArray
FN:9,configureStore
FNF:3
FNH:0
FNDA:0,_interopRequireDefault
FNDA:0,_toConsumableArray
FNDA:0,configureStore
DA:1,0
DA:2,0
DA:3,0
DA:4,0
DA:5,0
DA:6,0
DA:7,0
DA:9,0
DA:10,0
DA:11,0
DA:20,0
DA:26,0
DA:27,0
LF:13
LH:0
BRDA:7,0,0,0
BRDA:7,0,1,0
BRDA:7,1,0,0
BRDA:7,1,1,0
BRDA:7,2,0,0
BRDA:7,2,1,0
BRDA:10,3,0,0
BRDA:10,3,1,0
BRF:8
BRH:0
end_of_record
TN:
SF:/Users/David/Programming/react-starter-kit/src/utilities/apiHeaders.js
FN:1,(anonymous_0)
FN:2,createAuthorizationHeader
FN:11,authHeaders
FN:15,authBodyHeaders
FNF:4
FNH:0
FNDA:0,(anonymous_0)
FNDA:0,createAuthorizationHeader
FNDA:0,authHeaders
FNDA:0,authBodyHeaders
DA:1,0
DA:2,0
DA:6,0
DA:7,0
DA:11,0
DA:15,0
LF:6
LH:0
BRDA:1,0,0,0
BRDA:1,0,1,0
BRDA:1,1,0,0
BRDA:1,1,1,0
BRF:4
BRH:0
end_of_record
TN:
SF:/Users/David/Programming/react-starter-kit/src/utilities/createThunk.js
FN:1,createThunk
FN:2,(anonymous_1)
FN:2,(anonymous_2)
FN:4,(anonymous_3)
FN:8,createReduxFormThunk
FN:9,(anonymous_5)
FN:9,(anonymous_6)
FN:11,(anonymous_7)
FNF:8
FNH:0
FNDA:0,createThunk
FNDA:0,(anonymous_1)
FNDA:0,(anonymous_2)
FNDA:0,(anonymous_3)
FNDA:0,createReduxFormThunk
FNDA:0,(anonymous_5)
FNDA:0,(anonymous_6)
FNDA:0,(anonymous_7)
DA:1,0
DA:2,0
DA:3,0
DA:4,0
DA:8,0
DA:9,0
DA:10,0
DA:11,0
LF:8
LH:0
BRF:0
BRH:0
end_of_record
TN:
SF:/Users/David/Programming/react-starter-kit/src/utilities/localStorage.js
FN:1,_defineProperty
FN:3,setLocalStorage
FN:21,readLocalStorage
FN:26,clearLocalStorage
FNF:4
FNH:0
FNDA:0,_defineProperty
FNDA:0,setLocalStorage
FNDA:0,readLocalStorage
FNDA:0,clearLocalStorage
DA:1,0
DA:3,0
DA:4,0
DA:7,0
DA:14,0
DA:15,0
DA:17,0
DA:21,0
DA:22,0
DA:23,0
DA:26,0
DA:27,0
LF:12
LH:0
BRDA:1,0,0,0
BRDA:1,0,1,0
BRDA:23,1,0,0
BRDA:23,1,1,0
BRF:4
BRH:0
end_of_record
TN:
SF:/Users/David/Programming/react-starter-kit/src/utilities/normalizers.js
FN:9,normalizeAuthentication
FNF:1
FNH:0
FNDA:0,normalizeAuthentication
DA:1,0
DA:2,0
DA:4,0
DA:5,0
DA:9,0
DA:10,0
DA:11,0
LF:7
LH:0
BRF:0
BRH:0
end_of_record
TN:
SF:/Users/David/Programming/react-starter-kit/src/utilities/selectors.js
FN:1,currentUser
FNF:1
FNH:0
FNDA:0,currentUser
DA:1,0
LF:1
LH:0
BRF:0
BRH:0
end_of_record
TN:
SF:/Users/David/Programming/react-starter-kit/src/utilities/validations.js
FN:1,required
FN:2,minimumLength
FN:2,(anonymous_2)
FNF:3
FNH:0
FNDA:0,required
FNDA:0,minimumLength
FNDA:0,(anonymous_2)
DA:1,0
DA:2,0
DA:3,0
DA:5,0
LF:4
LH:0
BRDA:1,0,0,0
BRDA:1,0,1,0
BRDA:3,1,0,0
BRDA:3,1,1,0
BRDA:3,2,0,0
BRDA:3,2,1,0
BRF:6
BRH:0
end_of_record
